[0.017s] Invoking command in '/home/htootayzaaung/ROS2/workspace/build/client_server': CMAKE_PREFIX_PATH=${CMAKE_PREFIX_PATH}:/opt/ros/humble /usr/bin/cmake --build /home/htootayzaaung/ROS2/workspace/build/client_server -- -j8 -l8
[0.048s] -- Found ament_cmake: 1.3.4 (/opt/ros/humble/share/ament_cmake/cmake)
[0.241s] -- Found rclcpp: 16.0.4 (/opt/ros/humble/share/rclcpp/cmake)
[0.282s] -- Found rosidl_generator_c: 3.1.4 (/opt/ros/humble/share/rosidl_generator_c/cmake)
[0.285s] -- Found rosidl_adapter: 3.1.4 (/opt/ros/humble/share/rosidl_adapter/cmake)
[0.293s] -- Found rosidl_generator_cpp: 3.1.4 (/opt/ros/humble/share/rosidl_generator_cpp/cmake)
[0.308s] -- Using all available rosidl_typesupport_c: rosidl_typesupport_fastrtps_c;rosidl_typesupport_introspection_c
[0.329s] -- Using all available rosidl_typesupport_cpp: rosidl_typesupport_fastrtps_cpp;rosidl_typesupport_introspection_cpp
[0.422s] -- Found rmw_implementation_cmake: 6.1.1 (/opt/ros/humble/share/rmw_implementation_cmake/cmake)
[0.424s] -- Found rmw_fastrtps_cpp: 6.2.2 (/opt/ros/humble/share/rmw_fastrtps_cpp/cmake)
[0.609s] -- Using RMW implementation 'rmw_fastrtps_cpp' as default
[0.828s] -- Found geometry_msgs: 4.2.3 (/opt/ros/humble/share/geometry_msgs/cmake)
[0.888s] -- Found rosidl_default_generators: 1.2.0 (/opt/ros/humble/share/rosidl_default_generators/cmake)
[0.912s] [31mCMake Error at CMakeLists.txt:14 (find_package):
[0.913s]   By not providing "Findclient_server.cmake" in CMAKE_MODULE_PATH this
[0.913s]   project has asked CMake to find a package configuration file provided by
[0.913s]   "client_server", but CMake did not find one.
[0.913s] 
[0.913s]   Could not find a package configuration file provided by "client_server"
[0.913s]   with any of the following names:
[0.913s] 
[0.914s]     client_serverConfig.cmake
[0.914s]     client_server-config.cmake
[0.914s] 
[0.914s]   Add the installation prefix of "client_server" to CMAKE_PREFIX_PATH or set
[0.914s]   "client_server_DIR" to a directory containing one of the above files.  If
[0.914s]   "client_server" provides a separate development package or SDK, be sure it
[0.914s]   has been installed.
[0.914s] 
[0.915s] [0m
[0.915s] -- Configuring incomplete, errors occurred!
[0.915s] See also "/home/htootayzaaung/ROS2/workspace/build/client_server/CMakeFiles/CMakeOutput.log".
[0.920s] gmake: *** [Makefile:1261: cmake_check_build_system] Error 1
[0.922s] Invoked command in '/home/htootayzaaung/ROS2/workspace/build/client_server' returned '2': CMAKE_PREFIX_PATH=${CMAKE_PREFIX_PATH}:/opt/ros/humble /usr/bin/cmake --build /home/htootayzaaung/ROS2/workspace/build/client_server -- -j8 -l8
