[0.018s] Invoking command in '/home/htootayzaaung/ROS2/workspace/build/client_server': CMAKE_PREFIX_PATH=${CMAKE_PREFIX_PATH}:/opt/ros/humble /usr/bin/cmake --build /home/htootayzaaung/ROS2/workspace/build/client_server -- -j8 -l8
[0.048s] -- Found ament_cmake: 1.3.4 (/opt/ros/humble/share/ament_cmake/cmake)
[0.236s] -- Found rclcpp: 16.0.4 (/opt/ros/humble/share/rclcpp/cmake)
[0.277s] -- Found rosidl_generator_c: 3.1.4 (/opt/ros/humble/share/rosidl_generator_c/cmake)
[0.280s] -- Found rosidl_adapter: 3.1.4 (/opt/ros/humble/share/rosidl_adapter/cmake)
[0.288s] -- Found rosidl_generator_cpp: 3.1.4 (/opt/ros/humble/share/rosidl_generator_cpp/cmake)
[0.303s] -- Using all available rosidl_typesupport_c: rosidl_typesupport_fastrtps_c;rosidl_typesupport_introspection_c
[0.324s] -- Using all available rosidl_typesupport_cpp: rosidl_typesupport_fastrtps_cpp;rosidl_typesupport_introspection_cpp
[0.404s] -- Found rmw_implementation_cmake: 6.1.1 (/opt/ros/humble/share/rmw_implementation_cmake/cmake)
[0.406s] -- Found rmw_fastrtps_cpp: 6.2.2 (/opt/ros/humble/share/rmw_fastrtps_cpp/cmake)
[0.593s] -- Using RMW implementation 'rmw_fastrtps_cpp' as default
[0.812s] -- Found geometry_msgs: 4.2.3 (/opt/ros/humble/share/geometry_msgs/cmake)
[0.872s] -- Found rosidl_default_generators: 1.2.0 (/opt/ros/humble/share/rosidl_default_generators/cmake)
[1.238s] -- Found ament_cmake_ros: 0.10.0 (/opt/ros/humble/share/ament_cmake_ros/cmake)
[1.662s] -- Using all available rosidl_typesupport_c: rosidl_typesupport_fastrtps_c;rosidl_typesupport_introspection_c
[1.825s] -- Using all available rosidl_typesupport_cpp: rosidl_typesupport_fastrtps_cpp;rosidl_typesupport_introspection_cpp
[1.856s] -- Found python_cmake_module: 0.10.0 (/opt/ros/humble/share/python_cmake_module/cmake)
[1.886s] -- Using PYTHON_EXECUTABLE: /usr/bin/python3
[1.887s] -- Using PYTHON_INCLUDE_DIRS: /usr/include/python3.10
[1.887s] -- Using PYTHON_LIBRARIES: /usr/lib/x86_64-linux-gnu/libpython3.10.so
[1.901s] -- Found ament_lint_auto: 0.12.6 (/opt/ros/humble/share/ament_lint_auto/cmake)
[1.916s] -- Added test 'cppcheck' to perform static code analysis on C / C++ code
[1.917s] -- Configured cppcheck include dirs: 
[1.917s] -- Configured cppcheck exclude dirs and/or files: 
[1.918s] -- Added test 'flake8' to check Python code syntax and style conventions
[1.919s] -- Added test 'lint_cmake' to check CMake code style
[1.920s] -- Added test 'pep257' to check Python code against some of the docstring style conventions in PEP 257
[1.925s] -- Added test 'uncrustify' to check C / C++ code style
[1.925s] -- Configured uncrustify additional arguments: 
[1.925s] -- Added test 'xmllint' to check XML markup files
[1.927s] -- Configuring done
[1.965s] -- Generating done
[1.969s] -- Build files have been written to: /home/htootayzaaung/ROS2/workspace/build/client_server
[2.000s] [35m[1mConsolidate compiler generated dependencies of target client_server__rosidl_generator_c[0m
[2.010s] [  2%] Built target client_server__cpp
[2.012s] [ 12%] Built target client_server__rosidl_generator_c
[2.023s] [ 12%] Built target ament_cmake_python_copy_client_server
[2.023s] [35m[1mConsolidate compiler generated dependencies of target client_server__rosidl_typesupport_cpp[0m
[2.025s] [35m[1mConsolidate compiler generated dependencies of target client_server__rosidl_typesupport_fastrtps_cpp[0m
[2.026s] [35m[1mConsolidate compiler generated dependencies of target client_server__rosidl_typesupport_introspection_cpp[0m
[2.028s] [35m[1mConsolidate compiler generated dependencies of target client_server__rosidl_typesupport_introspection_c[0m
[2.028s] [35m[1mConsolidate compiler generated dependencies of target client_server__rosidl_typesupport_c[0m
[2.029s] [35m[1mConsolidate compiler generated dependencies of target client_server__rosidl_typesupport_fastrtps_c[0m
[2.045s] [ 23%] Built target client_server__rosidl_typesupport_cpp
[2.046s] [ 33%] Built target client_server__rosidl_typesupport_c
[2.049s] [ 43%] Built target client_server__rosidl_typesupport_fastrtps_cpp
[2.049s] [ 53%] Built target client_server__rosidl_typesupport_introspection_cpp
[2.052s] [ 64%] Built target client_server__rosidl_typesupport_introspection_c
[2.053s] [ 74%] Built target client_server__rosidl_typesupport_fastrtps_c
[2.075s] [ 74%] Built target client_server
[2.096s] [ 76%] Built target client_server__py
[2.118s] [ 79%] [32mBuilding C object CMakeFiles/client_server__rosidl_generator_py.dir/rosidl_generator_py/client_server/msg/_num_s.c.o[0m
[2.118s] [ 82%] [32mBuilding C object CMakeFiles/client_server__rosidl_generator_py.dir/rosidl_generator_py/client_server/srv/_add_three_ints_s.c.o[0m
[2.279s] [ 84%] [32m[1mLinking C shared library rosidl_generator_py/client_server/libclient_server__rosidl_generator_py.so[0m
[2.325s] [ 84%] Built target client_server__rosidl_generator_py
[2.349s] [ 87%] [32mBuilding C object CMakeFiles/client_server__rosidl_typesupport_fastrtps_c__pyext.dir/rosidl_generator_py/client_server/_client_server_s.ep.rosidl_typesupport_fastrtps_c.c.o[0m
[2.350s] [ 89%] [32mBuilding C object CMakeFiles/client_server__rosidl_typesupport_c__pyext.dir/rosidl_generator_py/client_server/_client_server_s.ep.rosidl_typesupport_c.c.o[0m
[2.356s] [ 92%] [32mBuilding C object CMakeFiles/client_server__rosidl_typesupport_introspection_c__pyext.dir/rosidl_generator_py/client_server/_client_server_s.ep.rosidl_typesupport_introspection_c.c.o[0m
[2.380s] running egg_info
[2.381s] writing client_server.egg-info/PKG-INFO
[2.381s] writing dependency_links to client_server.egg-info/dependency_links.txt
[2.381s] writing top-level names to client_server.egg-info/top_level.txt
[2.384s] reading manifest file 'client_server.egg-info/SOURCES.txt'
[2.385s] writing manifest file 'client_server.egg-info/SOURCES.txt'
[2.415s] [ 92%] Built target ament_cmake_python_build_client_server_egg
[2.479s] [ 94%] [32m[1mLinking C shared library rosidl_generator_py/client_server/client_server_s__rosidl_typesupport_c.cpython-310-x86_64-linux-gnu.so[0m
[2.479s] [ 97%] [32m[1mLinking C shared library rosidl_generator_py/client_server/client_server_s__rosidl_typesupport_fastrtps_c.cpython-310-x86_64-linux-gnu.so[0m
[2.516s] [ 97%] Built target client_server__rosidl_typesupport_c__pyext
[2.518s] [ 97%] Built target client_server__rosidl_typesupport_fastrtps_c__pyext
[2.521s] [100%] [32m[1mLinking C shared library rosidl_generator_py/client_server/client_server_s__rosidl_typesupport_introspection_c.cpython-310-x86_64-linux-gnu.so[0m
[2.559s] [100%] Built target client_server__rosidl_typesupport_introspection_c__pyext
[2.573s] Invoked command in '/home/htootayzaaung/ROS2/workspace/build/client_server' returned '0': CMAKE_PREFIX_PATH=${CMAKE_PREFIX_PATH}:/opt/ros/humble /usr/bin/cmake --build /home/htootayzaaung/ROS2/workspace/build/client_server -- -j8 -l8
[2.666s] Invoking command in '/home/htootayzaaung/ROS2/workspace/build/client_server': CMAKE_PREFIX_PATH=${CMAKE_PREFIX_PATH}:/opt/ros/humble /usr/bin/cmake --install /home/htootayzaaung/ROS2/workspace/build/client_server
[2.675s] -- Install configuration: ""
[2.675s] -- Installing: /home/htootayzaaung/ROS2/workspace/install/client_server/share/ament_index/resource_index/rosidl_interfaces/client_server
[2.675s] -- Installing: /home/htootayzaaung/ROS2/workspace/install/client_server/include/client_server/client_server
[2.675s] -- Installing: /home/htootayzaaung/ROS2/workspace/install/client_server/include/client_server/client_server/srv
[2.676s] -- Installing: /home/htootayzaaung/ROS2/workspace/install/client_server/include/client_server/client_server/srv/detail
[2.676s] -- Installing: /home/htootayzaaung/ROS2/workspace/install/client_server/include/client_server/client_server/srv/detail/add_three_ints__functions.h
[2.676s] -- Installing: /home/htootayzaaung/ROS2/workspace/install/client_server/include/client_server/client_server/srv/detail/add_three_ints__functions.c
[2.676s] -- Installing: /home/htootayzaaung/ROS2/workspace/install/client_server/include/client_server/client_server/srv/detail/add_three_ints__type_support.h
[2.676s] -- Installing: /home/htootayzaaung/ROS2/workspace/install/client_server/include/client_server/client_server/srv/detail/add_three_ints__struct.h
[2.677s] -- Installing: /home/htootayzaaung/ROS2/workspace/install/client_server/include/client_server/client_server/srv/add_three_ints.h
[2.677s] -- Installing: /home/htootayzaaung/ROS2/workspace/install/client_server/include/client_server/client_server/msg
[2.677s] -- Installing: /home/htootayzaaung/ROS2/workspace/install/client_server/include/client_server/client_server/msg/detail
[2.677s] -- Installing: /home/htootayzaaung/ROS2/workspace/install/client_server/include/client_server/client_server/msg/detail/sphere__struct.h
[2.677s] -- Installing: /home/htootayzaaung/ROS2/workspace/install/client_server/include/client_server/client_server/msg/detail/num__functions.c
[2.677s] -- Installing: /home/htootayzaaung/ROS2/workspace/install/client_server/include/client_server/client_server/msg/detail/num__struct.h
[2.678s] -- Installing: /home/htootayzaaung/ROS2/workspace/install/client_server/include/client_server/client_server/msg/detail/num__type_support.h
[2.678s] -- Installing: /home/htootayzaaung/ROS2/workspace/install/client_server/include/client_server/client_server/msg/detail/sphere__functions.h
[2.678s] -- Installing: /home/htootayzaaung/ROS2/workspace/install/client_server/include/client_server/client_server/msg/detail/sphere__type_support.h
[2.678s] -- Installing: /home/htootayzaaung/ROS2/workspace/install/client_server/include/client_server/client_server/msg/detail/sphere__functions.c
[2.678s] -- Installing: /home/htootayzaaung/ROS2/workspace/install/client_server/include/client_server/client_server/msg/detail/num__functions.h
[2.679s] -- Installing: /home/htootayzaaung/ROS2/workspace/install/client_server/include/client_server/client_server/msg/rosidl_generator_c__visibility_control.h
[2.679s] -- Installing: /home/htootayzaaung/ROS2/workspace/install/client_server/include/client_server/client_server/msg/num.h
[2.679s] -- Installing: /home/htootayzaaung/ROS2/workspace/install/client_server/include/client_server/client_server/msg/sphere.h
[2.679s] -- Installing: /home/htootayzaaung/ROS2/workspace/install/client_server/share/client_server/environment/library_path.sh
[2.679s] -- Installing: /home/htootayzaaung/ROS2/workspace/install/client_server/share/client_server/environment/library_path.dsv
[2.680s] -- Installing: /home/htootayzaaung/ROS2/workspace/install/client_server/lib/libclient_server__rosidl_generator_c.so
[2.680s] -- Set runtime path of "/home/htootayzaaung/ROS2/workspace/install/client_server/lib/libclient_server__rosidl_generator_c.so" to ""
[2.681s] -- Up-to-date: /home/htootayzaaung/ROS2/workspace/install/client_server/include/client_server/client_server
[2.681s] -- Up-to-date: /home/htootayzaaung/ROS2/workspace/install/client_server/include/client_server/client_server/srv
[2.681s] -- Up-to-date: /home/htootayzaaung/ROS2/workspace/install/client_server/include/client_server/client_server/srv/detail
[2.681s] -- Installing: /home/htootayzaaung/ROS2/workspace/install/client_server/include/client_server/client_server/srv/detail/add_three_ints__rosidl_typesupport_fastrtps_c.h
[2.681s] -- Up-to-date: /home/htootayzaaung/ROS2/workspace/install/client_server/include/client_server/client_server/msg
[2.681s] -- Up-to-date: /home/htootayzaaung/ROS2/workspace/install/client_server/include/client_server/client_server/msg/detail
[2.682s] -- Installing: /home/htootayzaaung/ROS2/workspace/install/client_server/include/client_server/client_server/msg/detail/num__rosidl_typesupport_fastrtps_c.h
[2.682s] -- Installing: /home/htootayzaaung/ROS2/workspace/install/client_server/include/client_server/client_server/msg/rosidl_typesupport_fastrtps_c__visibility_control.h
[2.682s] -- Installing: /home/htootayzaaung/ROS2/workspace/install/client_server/lib/libclient_server__rosidl_typesupport_fastrtps_c.so
[2.682s] -- Set runtime path of "/home/htootayzaaung/ROS2/workspace/install/client_server/lib/libclient_server__rosidl_typesupport_fastrtps_c.so" to ""
[2.682s] -- Up-to-date: /home/htootayzaaung/ROS2/workspace/install/client_server/include/client_server/client_server
[2.683s] -- Up-to-date: /home/htootayzaaung/ROS2/workspace/install/client_server/include/client_server/client_server/srv
[2.683s] -- Up-to-date: /home/htootayzaaung/ROS2/workspace/install/client_server/include/client_server/client_server/srv/detail
[2.683s] -- Installing: /home/htootayzaaung/ROS2/workspace/install/client_server/include/client_server/client_server/srv/detail/add_three_ints__struct.hpp
[2.683s] -- Installing: /home/htootayzaaung/ROS2/workspace/install/client_server/include/client_server/client_server/srv/detail/add_three_ints__builder.hpp
[2.683s] -- Installing: /home/htootayzaaung/ROS2/workspace/install/client_server/include/client_server/client_server/srv/detail/add_three_ints__traits.hpp
[2.683s] -- Installing: /home/htootayzaaung/ROS2/workspace/install/client_server/include/client_server/client_server/srv/add_three_ints.hpp
[2.684s] -- Up-to-date: /home/htootayzaaung/ROS2/workspace/install/client_server/include/client_server/client_server/msg
[2.684s] -- Up-to-date: /home/htootayzaaung/ROS2/workspace/install/client_server/include/client_server/client_server/msg/detail
[2.684s] -- Installing: /home/htootayzaaung/ROS2/workspace/install/client_server/include/client_server/client_server/msg/detail/sphere__traits.hpp
[2.684s] -- Installing: /home/htootayzaaung/ROS2/workspace/install/client_server/include/client_server/client_server/msg/detail/num__traits.hpp
[2.684s] -- Installing: /home/htootayzaaung/ROS2/workspace/install/client_server/include/client_server/client_server/msg/detail/sphere__struct.hpp
[2.684s] -- Installing: /home/htootayzaaung/ROS2/workspace/install/client_server/include/client_server/client_server/msg/detail/sphere__builder.hpp
[2.685s] -- Installing: /home/htootayzaaung/ROS2/workspace/install/client_server/include/client_server/client_server/msg/detail/num__builder.hpp
[2.685s] -- Installing: /home/htootayzaaung/ROS2/workspace/install/client_server/include/client_server/client_server/msg/detail/num__struct.hpp
[2.685s] -- Installing: /home/htootayzaaung/ROS2/workspace/install/client_server/include/client_server/client_server/msg/num.hpp
[2.685s] -- Installing: /home/htootayzaaung/ROS2/workspace/install/client_server/include/client_server/client_server/msg/sphere.hpp
[2.685s] -- Up-to-date: /home/htootayzaaung/ROS2/workspace/install/client_server/include/client_server/client_server
[2.685s] -- Up-to-date: /home/htootayzaaung/ROS2/workspace/install/client_server/include/client_server/client_server/srv
[2.686s] -- Up-to-date: /home/htootayzaaung/ROS2/workspace/install/client_server/include/client_server/client_server/srv/detail
[2.686s] -- Installing: /home/htootayzaaung/ROS2/workspace/install/client_server/include/client_server/client_server/srv/detail/add_three_ints__rosidl_typesupport_fastrtps_cpp.hpp
[2.686s] -- Installing: /home/htootayzaaung/ROS2/workspace/install/client_server/include/client_server/client_server/srv/detail/dds_fastrtps
[2.686s] -- Up-to-date: /home/htootayzaaung/ROS2/workspace/install/client_server/include/client_server/client_server/msg
[2.686s] -- Up-to-date: /home/htootayzaaung/ROS2/workspace/install/client_server/include/client_server/client_server/msg/detail
[2.686s] -- Installing: /home/htootayzaaung/ROS2/workspace/install/client_server/include/client_server/client_server/msg/detail/num__rosidl_typesupport_fastrtps_cpp.hpp
[2.687s] -- Installing: /home/htootayzaaung/ROS2/workspace/install/client_server/include/client_server/client_server/msg/detail/dds_fastrtps
[2.687s] -- Installing: /home/htootayzaaung/ROS2/workspace/install/client_server/include/client_server/client_server/msg/rosidl_typesupport_fastrtps_cpp__visibility_control.h
[2.687s] -- Installing: /home/htootayzaaung/ROS2/workspace/install/client_server/lib/libclient_server__rosidl_typesupport_fastrtps_cpp.so
[2.687s] -- Set runtime path of "/home/htootayzaaung/ROS2/workspace/install/client_server/lib/libclient_server__rosidl_typesupport_fastrtps_cpp.so" to ""
[2.687s] -- Up-to-date: /home/htootayzaaung/ROS2/workspace/install/client_server/include/client_server/client_server
[2.687s] -- Up-to-date: /home/htootayzaaung/ROS2/workspace/install/client_server/include/client_server/client_server/srv
[2.688s] -- Up-to-date: /home/htootayzaaung/ROS2/workspace/install/client_server/include/client_server/client_server/srv/detail
[2.688s] -- Installing: /home/htootayzaaung/ROS2/workspace/install/client_server/include/client_server/client_server/srv/detail/add_three_ints__rosidl_typesupport_introspection_c.h
[2.688s] -- Installing: /home/htootayzaaung/ROS2/workspace/install/client_server/include/client_server/client_server/srv/detail/add_three_ints__type_support.c
[2.688s] -- Up-to-date: /home/htootayzaaung/ROS2/workspace/install/client_server/include/client_server/client_server/msg
[2.688s] -- Up-to-date: /home/htootayzaaung/ROS2/workspace/install/client_server/include/client_server/client_server/msg/detail
[2.688s] -- Installing: /home/htootayzaaung/ROS2/workspace/install/client_server/include/client_server/client_server/msg/detail/num__rosidl_typesupport_introspection_c.h
[2.688s] -- Installing: /home/htootayzaaung/ROS2/workspace/install/client_server/include/client_server/client_server/msg/detail/num__type_support.c
[2.689s] -- Installing: /home/htootayzaaung/ROS2/workspace/install/client_server/include/client_server/client_server/msg/rosidl_typesupport_introspection_c__visibility_control.h
[2.689s] -- Installing: /home/htootayzaaung/ROS2/workspace/install/client_server/lib/libclient_server__rosidl_typesupport_introspection_c.so
[2.689s] -- Set runtime path of "/home/htootayzaaung/ROS2/workspace/install/client_server/lib/libclient_server__rosidl_typesupport_introspection_c.so" to ""
[2.689s] -- Installing: /home/htootayzaaung/ROS2/workspace/install/client_server/lib/libclient_server__rosidl_typesupport_c.so
[2.689s] -- Set runtime path of "/home/htootayzaaung/ROS2/workspace/install/client_server/lib/libclient_server__rosidl_typesupport_c.so" to ""
[2.690s] -- Up-to-date: /home/htootayzaaung/ROS2/workspace/install/client_server/include/client_server/client_server
[2.690s] -- Up-to-date: /home/htootayzaaung/ROS2/workspace/install/client_server/include/client_server/client_server/srv
[2.690s] -- Up-to-date: /home/htootayzaaung/ROS2/workspace/install/client_server/include/client_server/client_server/srv/detail
[2.690s] -- Installing: /home/htootayzaaung/ROS2/workspace/install/client_server/include/client_server/client_server/srv/detail/add_three_ints__rosidl_typesupport_introspection_cpp.hpp
[2.690s] -- Installing: /home/htootayzaaung/ROS2/workspace/install/client_server/include/client_server/client_server/srv/detail/add_three_ints__type_support.cpp
[2.690s] -- Up-to-date: /home/htootayzaaung/ROS2/workspace/install/client_server/include/client_server/client_server/msg
[2.691s] -- Up-to-date: /home/htootayzaaung/ROS2/workspace/install/client_server/include/client_server/client_server/msg/detail
[2.691s] -- Installing: /home/htootayzaaung/ROS2/workspace/install/client_server/include/client_server/client_server/msg/detail/num__type_support.cpp
[2.691s] -- Installing: /home/htootayzaaung/ROS2/workspace/install/client_server/include/client_server/client_server/msg/detail/num__rosidl_typesupport_introspection_cpp.hpp
[2.691s] -- Installing: /home/htootayzaaung/ROS2/workspace/install/client_server/lib/libclient_server__rosidl_typesupport_introspection_cpp.so
[2.691s] -- Set runtime path of "/home/htootayzaaung/ROS2/workspace/install/client_server/lib/libclient_server__rosidl_typesupport_introspection_cpp.so" to ""
[2.691s] -- Installing: /home/htootayzaaung/ROS2/workspace/install/client_server/lib/libclient_server__rosidl_typesupport_cpp.so
[2.692s] -- Set runtime path of "/home/htootayzaaung/ROS2/workspace/install/client_server/lib/libclient_server__rosidl_typesupport_cpp.so" to ""
[2.692s] -- Installing: /home/htootayzaaung/ROS2/workspace/install/client_server/share/client_server/environment/pythonpath.sh
[2.692s] -- Installing: /home/htootayzaaung/ROS2/workspace/install/client_server/share/client_server/environment/pythonpath.dsv
[2.692s] -- Installing: /home/htootayzaaung/ROS2/workspace/install/client_server/local/lib/python3.10/dist-packages/client_server-0.0.0-py3.10.egg-info
[2.692s] -- Installing: /home/htootayzaaung/ROS2/workspace/install/client_server/local/lib/python3.10/dist-packages/client_server-0.0.0-py3.10.egg-info/top_level.txt
[2.692s] -- Installing: /home/htootayzaaung/ROS2/workspace/install/client_server/local/lib/python3.10/dist-packages/client_server-0.0.0-py3.10.egg-info/dependency_links.txt
[2.693s] -- Installing: /home/htootayzaaung/ROS2/workspace/install/client_server/local/lib/python3.10/dist-packages/client_server-0.0.0-py3.10.egg-info/SOURCES.txt
[2.693s] -- Installing: /home/htootayzaaung/ROS2/workspace/install/client_server/local/lib/python3.10/dist-packages/client_server-0.0.0-py3.10.egg-info/PKG-INFO
[2.693s] -- Installing: /home/htootayzaaung/ROS2/workspace/install/client_server/local/lib/python3.10/dist-packages/client_server
[2.693s] -- Installing: /home/htootayzaaung/ROS2/workspace/install/client_server/local/lib/python3.10/dist-packages/client_server/client_server_s__rosidl_typesupport_fastrtps_c.cpython-310-x86_64-linux-gnu.so
[2.694s] -- Installing: /home/htootayzaaung/ROS2/workspace/install/client_server/local/lib/python3.10/dist-packages/client_server/_client_server_s.ep.rosidl_typesupport_introspection_c.c
[2.694s] -- Installing: /home/htootayzaaung/ROS2/workspace/install/client_server/local/lib/python3.10/dist-packages/client_server/__init__.py
[2.694s] -- Installing: /home/htootayzaaung/ROS2/workspace/install/client_server/local/lib/python3.10/dist-packages/client_server/srv
[2.694s] -- Installing: /home/htootayzaaung/ROS2/workspace/install/client_server/local/lib/python3.10/dist-packages/client_server/srv/_add_three_ints_s.c
[2.694s] -- Installing: /home/htootayzaaung/ROS2/workspace/install/client_server/local/lib/python3.10/dist-packages/client_server/srv/__init__.py
[2.694s] -- Installing: /home/htootayzaaung/ROS2/workspace/install/client_server/local/lib/python3.10/dist-packages/client_server/srv/_add_three_ints.py
[2.695s] -- Installing: /home/htootayzaaung/ROS2/workspace/install/client_server/local/lib/python3.10/dist-packages/client_server/client_server_s__rosidl_typesupport_introspection_c.cpython-310-x86_64-linux-gnu.so
[2.695s] -- Installing: /home/htootayzaaung/ROS2/workspace/install/client_server/local/lib/python3.10/dist-packages/client_server/_client_server_s.ep.rosidl_typesupport_fastrtps_c.c
[2.695s] -- Installing: /home/htootayzaaung/ROS2/workspace/install/client_server/local/lib/python3.10/dist-packages/client_server/libclient_server__rosidl_generator_py.so
[2.695s] -- Installing: /home/htootayzaaung/ROS2/workspace/install/client_server/local/lib/python3.10/dist-packages/client_server/_client_server_s.ep.rosidl_typesupport_c.c
[2.695s] -- Installing: /home/htootayzaaung/ROS2/workspace/install/client_server/local/lib/python3.10/dist-packages/client_server/client_server_s__rosidl_typesupport_c.cpython-310-x86_64-linux-gnu.so
[2.696s] -- Installing: /home/htootayzaaung/ROS2/workspace/install/client_server/local/lib/python3.10/dist-packages/client_server/msg
[2.696s] -- Installing: /home/htootayzaaung/ROS2/workspace/install/client_server/local/lib/python3.10/dist-packages/client_server/msg/_num.py
[2.696s] -- Installing: /home/htootayzaaung/ROS2/workspace/install/client_server/local/lib/python3.10/dist-packages/client_server/msg/__init__.py
[2.696s] -- Installing: /home/htootayzaaung/ROS2/workspace/install/client_server/local/lib/python3.10/dist-packages/client_server/msg/_num_s.c
[2.757s] Listing '/home/htootayzaaung/ROS2/workspace/install/client_server/local/lib/python3.10/dist-packages/client_server'...
[2.757s] Compiling '/home/htootayzaaung/ROS2/workspace/install/client_server/local/lib/python3.10/dist-packages/client_server/__init__.py'...
[2.757s] Listing '/home/htootayzaaung/ROS2/workspace/install/client_server/local/lib/python3.10/dist-packages/client_server/msg'...
[2.757s] Compiling '/home/htootayzaaung/ROS2/workspace/install/client_server/local/lib/python3.10/dist-packages/client_server/msg/__init__.py'...
[2.758s] Compiling '/home/htootayzaaung/ROS2/workspace/install/client_server/local/lib/python3.10/dist-packages/client_server/msg/_num.py'...
[2.758s] Listing '/home/htootayzaaung/ROS2/workspace/install/client_server/local/lib/python3.10/dist-packages/client_server/srv'...
[2.758s] Compiling '/home/htootayzaaung/ROS2/workspace/install/client_server/local/lib/python3.10/dist-packages/client_server/srv/__init__.py'...
[2.758s] Compiling '/home/htootayzaaung/ROS2/workspace/install/client_server/local/lib/python3.10/dist-packages/client_server/srv/_add_three_ints.py'...
[2.763s] -- Installing: /home/htootayzaaung/ROS2/workspace/install/client_server/local/lib/python3.10/dist-packages/client_server/client_server_s__rosidl_typesupport_fastrtps_c.cpython-310-x86_64-linux-gnu.so
[2.764s] -- Set runtime path of "/home/htootayzaaung/ROS2/workspace/install/client_server/local/lib/python3.10/dist-packages/client_server/client_server_s__rosidl_typesupport_fastrtps_c.cpython-310-x86_64-linux-gnu.so" to ""
[2.764s] -- Installing: /home/htootayzaaung/ROS2/workspace/install/client_server/local/lib/python3.10/dist-packages/client_server/client_server_s__rosidl_typesupport_introspection_c.cpython-310-x86_64-linux-gnu.so
[2.764s] -- Set runtime path of "/home/htootayzaaung/ROS2/workspace/install/client_server/local/lib/python3.10/dist-packages/client_server/client_server_s__rosidl_typesupport_introspection_c.cpython-310-x86_64-linux-gnu.so" to ""
[2.765s] -- Installing: /home/htootayzaaung/ROS2/workspace/install/client_server/local/lib/python3.10/dist-packages/client_server/client_server_s__rosidl_typesupport_c.cpython-310-x86_64-linux-gnu.so
[2.765s] -- Set runtime path of "/home/htootayzaaung/ROS2/workspace/install/client_server/local/lib/python3.10/dist-packages/client_server/client_server_s__rosidl_typesupport_c.cpython-310-x86_64-linux-gnu.so" to ""
[2.765s] -- Installing: /home/htootayzaaung/ROS2/workspace/install/client_server/lib/libclient_server__rosidl_generator_py.so
[2.766s] -- Set runtime path of "/home/htootayzaaung/ROS2/workspace/install/client_server/lib/libclient_server__rosidl_generator_py.so" to ""
[2.766s] -- Installing: /home/htootayzaaung/ROS2/workspace/install/client_server/share/client_server/msg/Num.idl
[2.766s] -- Installing: /home/htootayzaaung/ROS2/workspace/install/client_server/share/client_server/srv/AddThreeInts.idl
[2.767s] -- Installing: /home/htootayzaaung/ROS2/workspace/install/client_server/share/client_server/msg/Num.msg
[2.767s] -- Installing: /home/htootayzaaung/ROS2/workspace/install/client_server/share/client_server/srv/AddThreeInts.srv
[2.767s] -- Installing: /home/htootayzaaung/ROS2/workspace/install/client_server/share/client_server/srv/AddThreeInts_Request.msg
[2.767s] -- Installing: /home/htootayzaaung/ROS2/workspace/install/client_server/share/client_server/srv/AddThreeInts_Response.msg
[2.767s] -- Installing: /home/htootayzaaung/ROS2/workspace/install/client_server/share/ament_index/resource_index/package_run_dependencies/client_server
[2.768s] -- Installing: /home/htootayzaaung/ROS2/workspace/install/client_server/share/ament_index/resource_index/parent_prefix_path/client_server
[2.768s] -- Installing: /home/htootayzaaung/ROS2/workspace/install/client_server/share/client_server/environment/ament_prefix_path.sh
[2.768s] -- Installing: /home/htootayzaaung/ROS2/workspace/install/client_server/share/client_server/environment/ament_prefix_path.dsv
[2.768s] -- Installing: /home/htootayzaaung/ROS2/workspace/install/client_server/share/client_server/environment/path.sh
[2.769s] -- Installing: /home/htootayzaaung/ROS2/workspace/install/client_server/share/client_server/environment/path.dsv
[2.769s] -- Installing: /home/htootayzaaung/ROS2/workspace/install/client_server/share/client_server/local_setup.bash
[2.769s] -- Installing: /home/htootayzaaung/ROS2/workspace/install/client_server/share/client_server/local_setup.sh
[2.769s] -- Installing: /home/htootayzaaung/ROS2/workspace/install/client_server/share/client_server/local_setup.zsh
[2.769s] -- Installing: /home/htootayzaaung/ROS2/workspace/install/client_server/share/client_server/local_setup.dsv
[2.770s] -- Installing: /home/htootayzaaung/ROS2/workspace/install/client_server/share/client_server/package.dsv
[2.770s] -- Installing: /home/htootayzaaung/ROS2/workspace/install/client_server/share/ament_index/resource_index/packages/client_server
[2.770s] -- Installing: /home/htootayzaaung/ROS2/workspace/install/client_server/share/client_server/cmake/export_client_server__rosidl_generator_cExport.cmake
[2.770s] -- Installing: /home/htootayzaaung/ROS2/workspace/install/client_server/share/client_server/cmake/export_client_server__rosidl_generator_cExport-noconfig.cmake
[2.771s] -- Installing: /home/htootayzaaung/ROS2/workspace/install/client_server/share/client_server/cmake/export_client_server__rosidl_typesupport_fastrtps_cExport.cmake
[2.771s] -- Installing: /home/htootayzaaung/ROS2/workspace/install/client_server/share/client_server/cmake/export_client_server__rosidl_typesupport_fastrtps_cExport-noconfig.cmake
[2.771s] -- Installing: /home/htootayzaaung/ROS2/workspace/install/client_server/share/client_server/cmake/export_client_server__rosidl_generator_cppExport.cmake
[2.771s] -- Installing: /home/htootayzaaung/ROS2/workspace/install/client_server/share/client_server/cmake/export_client_server__rosidl_typesupport_fastrtps_cppExport.cmake
[2.772s] -- Installing: /home/htootayzaaung/ROS2/workspace/install/client_server/share/client_server/cmake/export_client_server__rosidl_typesupport_fastrtps_cppExport-noconfig.cmake
[2.772s] -- Installing: /home/htootayzaaung/ROS2/workspace/install/client_server/share/client_server/cmake/client_server__rosidl_typesupport_introspection_cExport.cmake
[2.772s] -- Installing: /home/htootayzaaung/ROS2/workspace/install/client_server/share/client_server/cmake/client_server__rosidl_typesupport_introspection_cExport-noconfig.cmake
[2.772s] -- Installing: /home/htootayzaaung/ROS2/workspace/install/client_server/share/client_server/cmake/client_server__rosidl_typesupport_cExport.cmake
[2.773s] -- Installing: /home/htootayzaaung/ROS2/workspace/install/client_server/share/client_server/cmake/client_server__rosidl_typesupport_cExport-noconfig.cmake
[2.773s] -- Installing: /home/htootayzaaung/ROS2/workspace/install/client_server/share/client_server/cmake/client_server__rosidl_typesupport_introspection_cppExport.cmake
[2.773s] -- Installing: /home/htootayzaaung/ROS2/workspace/install/client_server/share/client_server/cmake/client_server__rosidl_typesupport_introspection_cppExport-noconfig.cmake
[2.773s] -- Installing: /home/htootayzaaung/ROS2/workspace/install/client_server/share/client_server/cmake/client_server__rosidl_typesupport_cppExport.cmake
[2.774s] -- Installing: /home/htootayzaaung/ROS2/workspace/install/client_server/share/client_server/cmake/client_server__rosidl_typesupport_cppExport-noconfig.cmake
[2.774s] -- Installing: /home/htootayzaaung/ROS2/workspace/install/client_server/share/client_server/cmake/export_client_server__rosidl_generator_pyExport.cmake
[2.774s] -- Installing: /home/htootayzaaung/ROS2/workspace/install/client_server/share/client_server/cmake/export_client_server__rosidl_generator_pyExport-noconfig.cmake
[2.774s] -- Installing: /home/htootayzaaung/ROS2/workspace/install/client_server/share/client_server/cmake/rosidl_cmake-extras.cmake
[2.774s] -- Installing: /home/htootayzaaung/ROS2/workspace/install/client_server/share/client_server/cmake/ament_cmake_export_include_directories-extras.cmake
[2.775s] -- Installing: /home/htootayzaaung/ROS2/workspace/install/client_server/share/client_server/cmake/ament_cmake_export_libraries-extras.cmake
[2.775s] -- Installing: /home/htootayzaaung/ROS2/workspace/install/client_server/share/client_server/cmake/ament_cmake_export_targets-extras.cmake
[2.775s] -- Installing: /home/htootayzaaung/ROS2/workspace/install/client_server/share/client_server/cmake/rosidl_cmake_export_typesupport_targets-extras.cmake
[2.775s] -- Installing: /home/htootayzaaung/ROS2/workspace/install/client_server/share/client_server/cmake/ament_cmake_export_dependencies-extras.cmake
[2.776s] -- Installing: /home/htootayzaaung/ROS2/workspace/install/client_server/share/client_server/cmake/rosidl_cmake_export_typesupport_libraries-extras.cmake
[2.776s] -- Installing: /home/htootayzaaung/ROS2/workspace/install/client_server/share/client_server/cmake/client_serverConfig.cmake
[2.776s] -- Installing: /home/htootayzaaung/ROS2/workspace/install/client_server/share/client_server/cmake/client_serverConfig-version.cmake
[2.776s] -- Installing: /home/htootayzaaung/ROS2/workspace/install/client_server/share/client_server/package.xml
[2.780s] Invoked command in '/home/htootayzaaung/ROS2/workspace/build/client_server' returned '0': CMAKE_PREFIX_PATH=${CMAKE_PREFIX_PATH}:/opt/ros/humble /usr/bin/cmake --install /home/htootayzaaung/ROS2/workspace/build/client_server
