[0.017s] Invoking command in '/home/htootayzaaung/ROS2/workspace/build/client_server': /usr/bin/cmake /home/htootayzaaung/ROS2/workspace/src/client_server -DCMAKE_INSTALL_PREFIX=/home/htootayzaaung/ROS2/workspace/install/client_server
[0.030s] -- Found ament_cmake: 1.3.4 (/opt/ros/humble/share/ament_cmake/cmake)
[0.223s] -- Found rclcpp: 16.0.4 (/opt/ros/humble/share/rclcpp/cmake)
[0.266s] -- Found rosidl_generator_c: 3.1.4 (/opt/ros/humble/share/rosidl_generator_c/cmake)
[0.269s] -- Found rosidl_adapter: 3.1.4 (/opt/ros/humble/share/rosidl_adapter/cmake)
[0.277s] -- Found rosidl_generator_cpp: 3.1.4 (/opt/ros/humble/share/rosidl_generator_cpp/cmake)
[0.292s] -- Using all available rosidl_typesupport_c: rosidl_typesupport_fastrtps_c;rosidl_typesupport_introspection_c
[0.314s] -- Using all available rosidl_typesupport_cpp: rosidl_typesupport_fastrtps_cpp;rosidl_typesupport_introspection_cpp
[0.398s] -- Found rmw_implementation_cmake: 6.1.1 (/opt/ros/humble/share/rmw_implementation_cmake/cmake)
[0.400s] -- Found rmw_fastrtps_cpp: 6.2.2 (/opt/ros/humble/share/rmw_fastrtps_cpp/cmake)
[0.573s] -- Using RMW implementation 'rmw_fastrtps_cpp' as default
[0.809s] [31mCMake Error at CMakeLists.txt:11 (find_package):
[0.809s]   By not providing "Findclient_server.cmake" in CMAKE_MODULE_PATH this
[0.809s]   project has asked CMake to find a package configuration file provided by
[0.809s]   "client_server", but CMake did not find one.
[0.809s] 
[0.810s]   Could not find a package configuration file provided by "client_server"
[0.810s]   with any of the following names:
[0.810s] 
[0.810s]     client_serverConfig.cmake
[0.810s]     client_server-config.cmake
[0.810s] 
[0.810s]   Add the installation prefix of "client_server" to CMAKE_PREFIX_PATH or set
[0.810s]   "client_server_DIR" to a directory containing one of the above files.  If
[0.811s]   "client_server" provides a separate development package or SDK, be sure it
[0.811s]   has been installed.
[0.811s] 
[0.811s] [0m
[0.811s] -- Configuring incomplete, errors occurred!
[0.811s] See also "/home/htootayzaaung/ROS2/workspace/build/client_server/CMakeFiles/CMakeOutput.log".
[0.817s] Invoked command in '/home/htootayzaaung/ROS2/workspace/build/client_server' returned '1': /usr/bin/cmake /home/htootayzaaung/ROS2/workspace/src/client_server -DCMAKE_INSTALL_PREFIX=/home/htootayzaaung/ROS2/workspace/install/client_server
