[0.018s] Invoking command in '/home/htootayzaaung/ROS2/workspace/src/client_server/build/client_server': /usr/bin/cmake /home/htootayzaaung/ROS2/workspace/src/client_server -DCMAKE_INSTALL_PREFIX=/home/htootayzaaung/ROS2/workspace/src/client_server/install/client_server
[0.032s] -- Found ament_cmake: 1.3.4 (/opt/ros/humble/share/ament_cmake/cmake)
[0.228s] -- Found rclcpp: 16.0.4 (/opt/ros/humble/share/rclcpp/cmake)
[0.269s] -- Found rosidl_generator_c: 3.1.4 (/opt/ros/humble/share/rosidl_generator_c/cmake)
[0.272s] -- Found rosidl_adapter: 3.1.4 (/opt/ros/humble/share/rosidl_adapter/cmake)
[0.281s] -- Found rosidl_generator_cpp: 3.1.4 (/opt/ros/humble/share/rosidl_generator_cpp/cmake)
[0.296s] -- Using all available rosidl_typesupport_c: rosidl_typesupport_fastrtps_c;rosidl_typesupport_introspection_c
[0.316s] -- Using all available rosidl_typesupport_cpp: rosidl_typesupport_fastrtps_cpp;rosidl_typesupport_introspection_cpp
[0.413s] -- Found rmw_implementation_cmake: 6.1.1 (/opt/ros/humble/share/rmw_implementation_cmake/cmake)
[0.416s] -- Found rmw_fastrtps_cpp: 6.2.2 (/opt/ros/humble/share/rmw_fastrtps_cpp/cmake)
[0.596s] -- Using RMW implementation 'rmw_fastrtps_cpp' as default
[0.814s] -- Found geometry_msgs: 4.2.3 (/opt/ros/humble/share/geometry_msgs/cmake)
[0.875s] -- Found rosidl_default_generators: 1.2.0 (/opt/ros/humble/share/rosidl_default_generators/cmake)
[0.898s] [31mCMake Error at CMakeLists.txt:15 (find_package):
[0.899s]   By not providing "Findclient_server.cmake" in CMAKE_MODULE_PATH this
[0.899s]   project has asked CMake to find a package configuration file provided by
[0.899s]   "client_server", but CMake did not find one.
[0.899s] 
[0.899s]   Could not find a package configuration file provided by "client_server"
[0.899s]   with any of the following names:
[0.899s] 
[0.899s]     client_serverConfig.cmake
[0.899s]     client_server-config.cmake
[0.900s] 
[0.900s]   Add the installation prefix of "client_server" to CMAKE_PREFIX_PATH or set
[0.900s]   "client_server_DIR" to a directory containing one of the above files.  If
[0.900s]   "client_server" provides a separate development package or SDK, be sure it
[0.900s]   has been installed.
[0.900s] 
[0.900s] [0m
[0.901s] -- Configuring incomplete, errors occurred!
[0.901s] See also "/home/htootayzaaung/ROS2/workspace/src/client_server/build/client_server/CMakeFiles/CMakeOutput.log".
[0.908s] Invoked command in '/home/htootayzaaung/ROS2/workspace/src/client_server/build/client_server' returned '1': /usr/bin/cmake /home/htootayzaaung/ROS2/workspace/src/client_server -DCMAKE_INSTALL_PREFIX=/home/htootayzaaung/ROS2/workspace/src/client_server/install/client_server
