[0.017s] Invoking command in '/home/htootayzaaung/ROS2/workspace/build/tutorial_interfaces': CMAKE_PREFIX_PATH=${CMAKE_PREFIX_PATH}:/opt/ros/humble /usr/bin/cmake /home/htootayzaaung/ROS2/workspace/src/tutorial_interfaces -DCMAKE_INSTALL_PREFIX=/home/htootayzaaung/ROS2/workspace/install/tutorial_interfaces
[0.031s] -- Found ament_cmake: 1.3.4 (/opt/ros/humble/share/ament_cmake/cmake)
[0.228s] -- Found rclcpp: 16.0.4 (/opt/ros/humble/share/rclcpp/cmake)
[0.269s] -- Found rosidl_generator_c: 3.1.4 (/opt/ros/humble/share/rosidl_generator_c/cmake)
[0.273s] -- Found rosidl_adapter: 3.1.4 (/opt/ros/humble/share/rosidl_adapter/cmake)
[0.281s] -- Found rosidl_generator_cpp: 3.1.4 (/opt/ros/humble/share/rosidl_generator_cpp/cmake)
[0.296s] -- Using all available rosidl_typesupport_c: rosidl_typesupport_fastrtps_c;rosidl_typesupport_introspection_c
[0.317s] -- Using all available rosidl_typesupport_cpp: rosidl_typesupport_fastrtps_cpp;rosidl_typesupport_introspection_cpp
[0.395s] -- Found rmw_implementation_cmake: 6.1.1 (/opt/ros/humble/share/rmw_implementation_cmake/cmake)
[0.397s] -- Found rmw_fastrtps_cpp: 6.2.2 (/opt/ros/humble/share/rmw_fastrtps_cpp/cmake)
[0.606s] -- Using RMW implementation 'rmw_fastrtps_cpp' as default
[0.838s] [31mCMake Error at CMakeLists.txt:11 (find_package):
[0.838s]   By not providing "Findtutorial_interfaces.cmake" in CMAKE_MODULE_PATH this
[0.838s]   project has asked CMake to find a package configuration file provided by
[0.838s]   "tutorial_interfaces", but CMake did not find one.
[0.838s] 
[0.838s]   Could not find a package configuration file provided by
[0.838s]   "tutorial_interfaces" with any of the following names:
[0.838s] 
[0.838s]     tutorial_interfacesConfig.cmake
[0.839s]     tutorial_interfaces-config.cmake
[0.839s] 
[0.839s]   Add the installation prefix of "tutorial_interfaces" to CMAKE_PREFIX_PATH
[0.839s]   or set "tutorial_interfaces_DIR" to a directory containing one of the above
[0.839s]   files.  If "tutorial_interfaces" provides a separate development package or
[0.839s]   SDK, be sure it has been installed.
[0.839s] 
[0.839s] [0m
[0.839s] -- Configuring incomplete, errors occurred!
[0.839s] See also "/home/htootayzaaung/ROS2/workspace/build/tutorial_interfaces/CMakeFiles/CMakeOutput.log".
[0.847s] Invoked command in '/home/htootayzaaung/ROS2/workspace/build/tutorial_interfaces' returned '1': CMAKE_PREFIX_PATH=${CMAKE_PREFIX_PATH}:/opt/ros/humble /usr/bin/cmake /home/htootayzaaung/ROS2/workspace/src/tutorial_interfaces -DCMAKE_INSTALL_PREFIX=/home/htootayzaaung/ROS2/workspace/install/tutorial_interfaces
