[0.017s] Invoking command in '/home/htootayzaaung/ROS2/workspace/src/client_server/build/client_server': /usr/bin/cmake /home/htootayzaaung/ROS2/workspace/src/client_server -DCMAKE_INSTALL_PREFIX=/home/htootayzaaung/ROS2/workspace/src/client_server/install/client_server
[0.082s] -- The C compiler identification is GNU 11.3.0
[0.152s] -- The CXX compiler identification is GNU 11.3.0
[0.162s] -- Detecting C compiler ABI info
[0.242s] -- Detecting C compiler ABI info - done
[0.253s] -- Check for working C compiler: /usr/bin/cc - skipped
[0.253s] -- Detecting C compile features
[0.254s] -- Detecting C compile features - done
[0.258s] -- Detecting CXX compiler ABI info
[0.354s] -- Detecting CXX compiler ABI info - done
[0.369s] -- Check for working CXX compiler: /usr/bin/c++ - skipped
[0.370s] -- Detecting CXX compile features
[0.371s] -- Detecting CXX compile features - done
[0.375s] -- Found ament_cmake: 1.3.4 (/opt/ros/humble/share/ament_cmake/cmake)
[0.619s] -- Found Python3: /usr/bin/python3.10 (found version "3.10.6") found components: Interpreter 
[0.731s] -- Found rclcpp: 16.0.4 (/opt/ros/humble/share/rclcpp/cmake)
[0.787s] -- Found rosidl_generator_c: 3.1.4 (/opt/ros/humble/share/rosidl_generator_c/cmake)
[0.794s] -- Found rosidl_adapter: 3.1.4 (/opt/ros/humble/share/rosidl_adapter/cmake)
[0.805s] -- Found rosidl_generator_cpp: 3.1.4 (/opt/ros/humble/share/rosidl_generator_cpp/cmake)
[0.823s] -- Using all available rosidl_typesupport_c: rosidl_typesupport_fastrtps_c;rosidl_typesupport_introspection_c
[0.849s] -- Using all available rosidl_typesupport_cpp: rosidl_typesupport_fastrtps_cpp;rosidl_typesupport_introspection_cpp
[0.943s] -- Found rmw_implementation_cmake: 6.1.1 (/opt/ros/humble/share/rmw_implementation_cmake/cmake)
[0.946s] -- Found rmw_fastrtps_cpp: 6.2.2 (/opt/ros/humble/share/rmw_fastrtps_cpp/cmake)
[1.069s] -- Found OpenSSL: /usr/lib/x86_64-linux-gnu/libcrypto.so (found version "3.0.2")  
[1.111s] -- Found FastRTPS: /opt/ros/humble/include  
[1.180s] -- Using RMW implementation 'rmw_fastrtps_cpp' as default
[1.192s] -- Looking for pthread.h
[1.278s] -- Looking for pthread.h - found
[1.279s] -- Performing Test CMAKE_HAVE_LIBC_PTHREAD
[1.366s] -- Performing Test CMAKE_HAVE_LIBC_PTHREAD - Success
[1.368s] -- Found Threads: TRUE  
[1.589s] -- Found geometry_msgs: 4.2.3 (/opt/ros/humble/share/geometry_msgs/cmake)
[1.651s] -- Found rosidl_default_generators: 1.2.0 (/opt/ros/humble/share/rosidl_default_generators/cmake)
[1.677s] [31mCMake Error at CMakeLists.txt:15 (find_package):
[1.677s]   By not providing "Findclient_server.cmake" in CMAKE_MODULE_PATH this
[1.677s]   project has asked CMake to find a package configuration file provided by
[1.677s]   "client_server", but CMake did not find one.
[1.678s] 
[1.678s]   Could not find a package configuration file provided by "client_server"
[1.678s]   with any of the following names:
[1.678s] 
[1.678s]     client_serverConfig.cmake
[1.678s]     client_server-config.cmake
[1.678s] 
[1.678s]   Add the installation prefix of "client_server" to CMAKE_PREFIX_PATH or set
[1.678s]   "client_server_DIR" to a directory containing one of the above files.  If
[1.678s]   "client_server" provides a separate development package or SDK, be sure it
[1.678s]   has been installed.
[1.678s] 
[1.678s] [0m
[1.678s] -- Configuring incomplete, errors occurred!
[1.679s] See also "/home/htootayzaaung/ROS2/workspace/src/client_server/build/client_server/CMakeFiles/CMakeOutput.log".
[1.688s] Invoked command in '/home/htootayzaaung/ROS2/workspace/src/client_server/build/client_server' returned '1': /usr/bin/cmake /home/htootayzaaung/ROS2/workspace/src/client_server -DCMAKE_INSTALL_PREFIX=/home/htootayzaaung/ROS2/workspace/src/client_server/install/client_server
