[0.020s] Invoking command in '/home/htootayzaaung/ROS2/workspace/build/client_server': CMAKE_PREFIX_PATH=${CMAKE_PREFIX_PATH}:/opt/ros/humble /usr/bin/cmake --build /home/htootayzaaung/ROS2/workspace/build/client_server -- -j8 -l8
[0.049s] -- Found ament_cmake: 1.3.4 (/opt/ros/humble/share/ament_cmake/cmake)
[0.243s] -- Found rclcpp: 16.0.4 (/opt/ros/humble/share/rclcpp/cmake)
[0.283s] -- Found rosidl_generator_c: 3.1.4 (/opt/ros/humble/share/rosidl_generator_c/cmake)
[0.286s] -- Found rosidl_adapter: 3.1.4 (/opt/ros/humble/share/rosidl_adapter/cmake)
[0.294s] -- Found rosidl_generator_cpp: 3.1.4 (/opt/ros/humble/share/rosidl_generator_cpp/cmake)
[0.309s] -- Using all available rosidl_typesupport_c: rosidl_typesupport_fastrtps_c;rosidl_typesupport_introspection_c
[0.330s] -- Using all available rosidl_typesupport_cpp: rosidl_typesupport_fastrtps_cpp;rosidl_typesupport_introspection_cpp
[0.410s] -- Found rmw_implementation_cmake: 6.1.1 (/opt/ros/humble/share/rmw_implementation_cmake/cmake)
[0.412s] -- Found rmw_fastrtps_cpp: 6.2.2 (/opt/ros/humble/share/rmw_fastrtps_cpp/cmake)
[0.597s] -- Using RMW implementation 'rmw_fastrtps_cpp' as default
[0.819s] -- Found geometry_msgs: 4.2.3 (/opt/ros/humble/share/geometry_msgs/cmake)
[0.879s] -- Found rosidl_default_generators: 1.2.0 (/opt/ros/humble/share/rosidl_default_generators/cmake)
[1.248s] -- Found ament_cmake_ros: 0.10.0 (/opt/ros/humble/share/ament_cmake_ros/cmake)
[1.676s] -- Using all available rosidl_typesupport_c: rosidl_typesupport_fastrtps_c;rosidl_typesupport_introspection_c
[1.844s] -- Using all available rosidl_typesupport_cpp: rosidl_typesupport_fastrtps_cpp;rosidl_typesupport_introspection_cpp
[1.875s] -- Found python_cmake_module: 0.10.0 (/opt/ros/humble/share/python_cmake_module/cmake)
[1.905s] -- Using PYTHON_EXECUTABLE: /usr/bin/python3
[1.905s] -- Using PYTHON_INCLUDE_DIRS: /usr/include/python3.10
[1.905s] -- Using PYTHON_LIBRARIES: /usr/lib/x86_64-linux-gnu/libpython3.10.so
[1.920s] -- Found ament_lint_auto: 0.12.6 (/opt/ros/humble/share/ament_lint_auto/cmake)
[1.925s] [31mCMake Error at /opt/ros/humble/share/ament_cmake_target_dependencies/cmake/ament_target_dependencies.cmake:77 (message):
[1.926s]   ament_target_dependencies() the passed package name 'client_server' was not
[1.926s]   found before
[1.926s] Call Stack (most recent call first):
[1.926s]   CMakeLists.txt:38 (ament_target_dependencies)
[1.926s] 
[1.926s] [0m
[1.926s] -- Configuring incomplete, errors occurred!
[1.926s] See also "/home/htootayzaaung/ROS2/workspace/build/client_server/CMakeFiles/CMakeOutput.log".
[1.936s] gmake: *** [Makefile:1045: cmake_check_build_system] Error 1
[1.938s] Invoked command in '/home/htootayzaaung/ROS2/workspace/build/client_server' returned '2': CMAKE_PREFIX_PATH=${CMAKE_PREFIX_PATH}:/opt/ros/humble /usr/bin/cmake --build /home/htootayzaaung/ROS2/workspace/build/client_server -- -j8 -l8
