[0.017s] Invoking command in '/home/htootayzaaung/ROS2/workspace/build/client_server': CMAKE_PREFIX_PATH=${CMAKE_PREFIX_PATH}:/opt/ros/humble /usr/bin/cmake /home/htootayzaaung/ROS2/workspace/src/client_server -DCMAKE_INSTALL_PREFIX=/home/htootayzaaung/ROS2/workspace/install/client_server
[0.031s] -- Found ament_cmake: 1.3.4 (/opt/ros/humble/share/ament_cmake/cmake)
[0.223s] -- Found rclcpp: 16.0.4 (/opt/ros/humble/share/rclcpp/cmake)
[0.265s] -- Found rosidl_generator_c: 3.1.4 (/opt/ros/humble/share/rosidl_generator_c/cmake)
[0.268s] -- Found rosidl_adapter: 3.1.4 (/opt/ros/humble/share/rosidl_adapter/cmake)
[0.277s] -- Found rosidl_generator_cpp: 3.1.4 (/opt/ros/humble/share/rosidl_generator_cpp/cmake)
[0.291s] -- Using all available rosidl_typesupport_c: rosidl_typesupport_fastrtps_c;rosidl_typesupport_introspection_c
[0.313s] -- Using all available rosidl_typesupport_cpp: rosidl_typesupport_fastrtps_cpp;rosidl_typesupport_introspection_cpp
[0.395s] -- Found rmw_implementation_cmake: 6.1.1 (/opt/ros/humble/share/rmw_implementation_cmake/cmake)
[0.397s] -- Found rmw_fastrtps_cpp: 6.2.2 (/opt/ros/humble/share/rmw_fastrtps_cpp/cmake)
[0.568s] -- Using RMW implementation 'rmw_fastrtps_cpp' as default
[0.801s] [31mCMake Error at CMakeLists.txt:11 (find_package):
[0.801s]   By not providing "Findclient_server.cmake" in CMAKE_MODULE_PATH this
[0.801s]   project has asked CMake to find a package configuration file provided by
[0.801s]   "client_server", but CMake did not find one.
[0.801s] 
[0.802s]   Could not find a package configuration file provided by "client_server"
[0.802s]   with any of the following names:
[0.802s] 
[0.802s]     client_serverConfig.cmake
[0.802s]     client_server-config.cmake
[0.802s] 
[0.802s]   Add the installation prefix of "client_server" to CMAKE_PREFIX_PATH or set
[0.802s]   "client_server_DIR" to a directory containing one of the above files.  If
[0.802s]   "client_server" provides a separate development package or SDK, be sure it
[0.802s]   has been installed.
[0.802s] 
[0.802s] [0m
[0.802s] -- Configuring incomplete, errors occurred!
[0.803s] See also "/home/htootayzaaung/ROS2/workspace/build/client_server/CMakeFiles/CMakeOutput.log".
[0.808s] Invoked command in '/home/htootayzaaung/ROS2/workspace/build/client_server' returned '1': CMAKE_PREFIX_PATH=${CMAKE_PREFIX_PATH}:/opt/ros/humble /usr/bin/cmake /home/htootayzaaung/ROS2/workspace/src/client_server -DCMAKE_INSTALL_PREFIX=/home/htootayzaaung/ROS2/workspace/install/client_server
