-- Found ament_cmake: 1.3.4 (/opt/ros/humble/share/ament_cmake/cmake)
-- Found rclcpp: 16.0.4 (/opt/ros/humble/share/rclcpp/cmake)
-- Found rosidl_generator_c: 3.1.4 (/opt/ros/humble/share/rosidl_generator_c/cmake)
-- Found rosidl_adapter: 3.1.4 (/opt/ros/humble/share/rosidl_adapter/cmake)
-- Found rosidl_generator_cpp: 3.1.4 (/opt/ros/humble/share/rosidl_generator_cpp/cmake)
-- Using all available rosidl_typesupport_c: rosidl_typesupport_fastrtps_c;rosidl_typesupport_introspection_c
-- Using all available rosidl_typesupport_cpp: rosidl_typesupport_fastrtps_cpp;rosidl_typesupport_introspection_cpp
-- Found rmw_implementation_cmake: 6.1.1 (/opt/ros/humble/share/rmw_implementation_cmake/cmake)
-- Found rmw_fastrtps_cpp: 6.2.2 (/opt/ros/humble/share/rmw_fastrtps_cpp/cmake)
-- Using RMW implementation 'rmw_fastrtps_cpp' as default
-- Found geometry_msgs: 4.2.3 (/opt/ros/humble/share/geometry_msgs/cmake)
-- Found rosidl_default_generators: 1.2.0 (/opt/ros/humble/share/rosidl_default_generators/cmake)
-- Found client_server: 0.0.0 (/home/htootayzaaung/ROS2/workspace/install/client_server/share/client_server/cmake)
-- Found ament_cmake_ros: 0.10.0 (/opt/ros/humble/share/ament_cmake_ros/cmake)
-- Using all available rosidl_typesupport_c: rosidl_typesupport_fastrtps_c;rosidl_typesupport_introspection_c
-- Using all available rosidl_typesupport_cpp: rosidl_typesupport_fastrtps_cpp;rosidl_typesupport_introspection_cpp
-- Found python_cmake_module: 0.10.0 (/opt/ros/humble/share/python_cmake_module/cmake)
-- Using PYTHON_EXECUTABLE: /usr/bin/python3
-- Using PYTHON_INCLUDE_DIRS: /usr/include/python3.10
-- Using PYTHON_LIBRARIES: /usr/lib/x86_64-linux-gnu/libpython3.10.so
-- Found ament_lint_auto: 0.12.6 (/opt/ros/humble/share/ament_lint_auto/cmake)
-- Added test 'cppcheck' to perform static code analysis on C / C++ code
-- Configured cppcheck include dirs: 
-- Configured cppcheck exclude dirs and/or files: 
-- Added test 'flake8' to check Python code syntax and style conventions
-- Added test 'lint_cmake' to check CMake code style
-- Added test 'pep257' to check Python code against some of the docstring style conventions in PEP 257
-- Added test 'uncrustify' to check C / C++ code style
-- Configured uncrustify additional arguments: 
-- Added test 'xmllint' to check XML markup files
-- Configuring done
-- Generating done
-- Build files have been written to: /home/htootayzaaung/ROS2/workspace/build/client_server
[35m[1mConsolidate compiler generated dependencies of target client_server__rosidl_generator_c[0m
[  2%] Built target client_server__cpp
[  6%] [32mBuilding CXX object CMakeFiles/client.dir/src/Client.cpp.o[0m
[  6%] [32mBuilding CXX object CMakeFiles/server.dir/src/Server.cpp.o[0m
[ 16%] Built target client_server__rosidl_generator_c
[ 16%] Built target ament_cmake_python_copy_client_server
[35m[1mConsolidate compiler generated dependencies of target client_server__rosidl_typesupport_cpp[0m
[35m[1mConsolidate compiler generated dependencies of target client_server__rosidl_typesupport_introspection_cpp[0m
[35m[1mConsolidate compiler generated dependencies of target client_server__rosidl_typesupport_fastrtps_cpp[0m
[35m[1mConsolidate compiler generated dependencies of target client_server__rosidl_typesupport_introspection_c[0m
[35m[1mConsolidate compiler generated dependencies of target client_server__rosidl_typesupport_fastrtps_c[0m
[35m[1mConsolidate compiler generated dependencies of target client_server__rosidl_typesupport_c[0m
[ 30%] Built target client_server__rosidl_typesupport_introspection_cpp
[ 39%] Built target client_server__rosidl_typesupport_c
[ 55%] Built target client_server__rosidl_typesupport_introspection_c
[ 58%] Built target client_server__rosidl_typesupport_cpp
[ 62%] Built target client_server__rosidl_typesupport_fastrtps_cpp
[ 72%] Built target client_server__rosidl_typesupport_fastrtps_c
[ 72%] Built target client_server
[ 74%] Built target client_server__py
[35m[1mConsolidate compiler generated dependencies of target client_server__rosidl_generator_py[0m
[ 81%] Built target client_server__rosidl_generator_py
[35m[1mConsolidate compiler generated dependencies of target client_server__rosidl_typesupport_introspection_c__pyext[0m
[35m[1mConsolidate compiler generated dependencies of target client_server__rosidl_typesupport_fastrtps_c__pyext[0m
[35m[1mConsolidate compiler generated dependencies of target client_server__rosidl_typesupport_c__pyext[0m
[ 86%] Built target client_server__rosidl_typesupport_fastrtps_c__pyext
[ 95%] Built target client_server__rosidl_typesupport_c__pyext
[ 95%] Built target client_server__rosidl_typesupport_introspection_c__pyext
running egg_info
writing client_server.egg-info/PKG-INFO
writing dependency_links to client_server.egg-info/dependency_links.txt
writing top-level names to client_server.egg-info/top_level.txt
reading manifest file 'client_server.egg-info/SOURCES.txt'
writing manifest file 'client_server.egg-info/SOURCES.txt'
[ 95%] Built target ament_cmake_python_build_client_server_egg
[ 97%] [32m[1mLinking CXX executable server[0m
[ 97%] Built target server
[100%] [32m[1mLinking CXX executable client[0m
[100%] Built target client
-- Install configuration: ""
-- Up-to-date: /home/htootayzaaung/ROS2/workspace/install/client_server/share/ament_index/resource_index/rosidl_interfaces/client_server
-- Up-to-date: /home/htootayzaaung/ROS2/workspace/install/client_server/include/client_server/client_server
-- Up-to-date: /home/htootayzaaung/ROS2/workspace/install/client_server/include/client_server/client_server/srv
-- Up-to-date: /home/htootayzaaung/ROS2/workspace/install/client_server/include/client_server/client_server/srv/detail
-- Up-to-date: /home/htootayzaaung/ROS2/workspace/install/client_server/include/client_server/client_server/srv/detail/add_three_ints__functions.h
-- Up-to-date: /home/htootayzaaung/ROS2/workspace/install/client_server/include/client_server/client_server/srv/detail/add_three_ints__functions.c
-- Up-to-date: /home/htootayzaaung/ROS2/workspace/install/client_server/include/client_server/client_server/srv/detail/add_three_ints__type_support.h
-- Up-to-date: /home/htootayzaaung/ROS2/workspace/install/client_server/include/client_server/client_server/srv/detail/add_three_ints__struct.h
-- Up-to-date: /home/htootayzaaung/ROS2/workspace/install/client_server/include/client_server/client_server/srv/add_three_ints.h
-- Up-to-date: /home/htootayzaaung/ROS2/workspace/install/client_server/include/client_server/client_server/msg
-- Up-to-date: /home/htootayzaaung/ROS2/workspace/install/client_server/include/client_server/client_server/msg/detail
-- Up-to-date: /home/htootayzaaung/ROS2/workspace/install/client_server/include/client_server/client_server/msg/detail/sphere__struct.h
-- Up-to-date: /home/htootayzaaung/ROS2/workspace/install/client_server/include/client_server/client_server/msg/detail/num__functions.c
-- Up-to-date: /home/htootayzaaung/ROS2/workspace/install/client_server/include/client_server/client_server/msg/detail/num__struct.h
-- Up-to-date: /home/htootayzaaung/ROS2/workspace/install/client_server/include/client_server/client_server/msg/detail/num__type_support.h
-- Up-to-date: /home/htootayzaaung/ROS2/workspace/install/client_server/include/client_server/client_server/msg/detail/sphere__functions.h
-- Up-to-date: /home/htootayzaaung/ROS2/workspace/install/client_server/include/client_server/client_server/msg/detail/sphere__type_support.h
-- Up-to-date: /home/htootayzaaung/ROS2/workspace/install/client_server/include/client_server/client_server/msg/detail/sphere__functions.c
-- Up-to-date: /home/htootayzaaung/ROS2/workspace/install/client_server/include/client_server/client_server/msg/detail/num__functions.h
-- Up-to-date: /home/htootayzaaung/ROS2/workspace/install/client_server/include/client_server/client_server/msg/rosidl_generator_c__visibility_control.h
-- Up-to-date: /home/htootayzaaung/ROS2/workspace/install/client_server/include/client_server/client_server/msg/num.h
-- Up-to-date: /home/htootayzaaung/ROS2/workspace/install/client_server/include/client_server/client_server/msg/sphere.h
-- Up-to-date: /home/htootayzaaung/ROS2/workspace/install/client_server/share/client_server/environment/library_path.sh
-- Installing: /home/htootayzaaung/ROS2/workspace/install/client_server/share/client_server/environment/library_path.dsv
-- Up-to-date: /home/htootayzaaung/ROS2/workspace/install/client_server/lib/libclient_server__rosidl_generator_c.so
-- Up-to-date: /home/htootayzaaung/ROS2/workspace/install/client_server/include/client_server/client_server
-- Up-to-date: /home/htootayzaaung/ROS2/workspace/install/client_server/include/client_server/client_server/srv
-- Up-to-date: /home/htootayzaaung/ROS2/workspace/install/client_server/include/client_server/client_server/srv/detail
-- Up-to-date: /home/htootayzaaung/ROS2/workspace/install/client_server/include/client_server/client_server/srv/detail/add_three_ints__rosidl_typesupport_fastrtps_c.h
-- Up-to-date: /home/htootayzaaung/ROS2/workspace/install/client_server/include/client_server/client_server/msg
-- Up-to-date: /home/htootayzaaung/ROS2/workspace/install/client_server/include/client_server/client_server/msg/detail
-- Up-to-date: /home/htootayzaaung/ROS2/workspace/install/client_server/include/client_server/client_server/msg/detail/num__rosidl_typesupport_fastrtps_c.h
-- Up-to-date: /home/htootayzaaung/ROS2/workspace/install/client_server/include/client_server/client_server/msg/rosidl_typesupport_fastrtps_c__visibility_control.h
-- Up-to-date: /home/htootayzaaung/ROS2/workspace/install/client_server/lib/libclient_server__rosidl_typesupport_fastrtps_c.so
-- Up-to-date: /home/htootayzaaung/ROS2/workspace/install/client_server/include/client_server/client_server
-- Up-to-date: /home/htootayzaaung/ROS2/workspace/install/client_server/include/client_server/client_server/srv
-- Up-to-date: /home/htootayzaaung/ROS2/workspace/install/client_server/include/client_server/client_server/srv/detail
-- Up-to-date: /home/htootayzaaung/ROS2/workspace/install/client_server/include/client_server/client_server/srv/detail/add_three_ints__struct.hpp
-- Up-to-date: /home/htootayzaaung/ROS2/workspace/install/client_server/include/client_server/client_server/srv/detail/add_three_ints__builder.hpp
-- Up-to-date: /home/htootayzaaung/ROS2/workspace/install/client_server/include/client_server/client_server/srv/detail/add_three_ints__traits.hpp
-- Up-to-date: /home/htootayzaaung/ROS2/workspace/install/client_server/include/client_server/client_server/srv/add_three_ints.hpp
-- Up-to-date: /home/htootayzaaung/ROS2/workspace/install/client_server/include/client_server/client_server/msg
-- Up-to-date: /home/htootayzaaung/ROS2/workspace/install/client_server/include/client_server/client_server/msg/detail
-- Up-to-date: /home/htootayzaaung/ROS2/workspace/install/client_server/include/client_server/client_server/msg/detail/sphere__traits.hpp
-- Up-to-date: /home/htootayzaaung/ROS2/workspace/install/client_server/include/client_server/client_server/msg/detail/num__traits.hpp
-- Up-to-date: /home/htootayzaaung/ROS2/workspace/install/client_server/include/client_server/client_server/msg/detail/sphere__struct.hpp
-- Up-to-date: /home/htootayzaaung/ROS2/workspace/install/client_server/include/client_server/client_server/msg/detail/sphere__builder.hpp
-- Up-to-date: /home/htootayzaaung/ROS2/workspace/install/client_server/include/client_server/client_server/msg/detail/num__builder.hpp
-- Up-to-date: /home/htootayzaaung/ROS2/workspace/install/client_server/include/client_server/client_server/msg/detail/num__struct.hpp
-- Up-to-date: /home/htootayzaaung/ROS2/workspace/install/client_server/include/client_server/client_server/msg/num.hpp
-- Up-to-date: /home/htootayzaaung/ROS2/workspace/install/client_server/include/client_server/client_server/msg/sphere.hpp
-- Up-to-date: /home/htootayzaaung/ROS2/workspace/install/client_server/include/client_server/client_server
-- Up-to-date: /home/htootayzaaung/ROS2/workspace/install/client_server/include/client_server/client_server/srv
-- Up-to-date: /home/htootayzaaung/ROS2/workspace/install/client_server/include/client_server/client_server/srv/detail
-- Up-to-date: /home/htootayzaaung/ROS2/workspace/install/client_server/include/client_server/client_server/srv/detail/add_three_ints__rosidl_typesupport_fastrtps_cpp.hpp
-- Up-to-date: /home/htootayzaaung/ROS2/workspace/install/client_server/include/client_server/client_server/srv/detail/dds_fastrtps
-- Up-to-date: /home/htootayzaaung/ROS2/workspace/install/client_server/include/client_server/client_server/msg
-- Up-to-date: /home/htootayzaaung/ROS2/workspace/install/client_server/include/client_server/client_server/msg/detail
-- Up-to-date: /home/htootayzaaung/ROS2/workspace/install/client_server/include/client_server/client_server/msg/detail/num__rosidl_typesupport_fastrtps_cpp.hpp
-- Up-to-date: /home/htootayzaaung/ROS2/workspace/install/client_server/include/client_server/client_server/msg/detail/dds_fastrtps
-- Up-to-date: /home/htootayzaaung/ROS2/workspace/install/client_server/include/client_server/client_server/msg/rosidl_typesupport_fastrtps_cpp__visibility_control.h
-- Up-to-date: /home/htootayzaaung/ROS2/workspace/install/client_server/lib/libclient_server__rosidl_typesupport_fastrtps_cpp.so
-- Up-to-date: /home/htootayzaaung/ROS2/workspace/install/client_server/include/client_server/client_server
-- Up-to-date: /home/htootayzaaung/ROS2/workspace/install/client_server/include/client_server/client_server/srv
-- Up-to-date: /home/htootayzaaung/ROS2/workspace/install/client_server/include/client_server/client_server/srv/detail
-- Up-to-date: /home/htootayzaaung/ROS2/workspace/install/client_server/include/client_server/client_server/srv/detail/add_three_ints__rosidl_typesupport_introspection_c.h
-- Up-to-date: /home/htootayzaaung/ROS2/workspace/install/client_server/include/client_server/client_server/srv/detail/add_three_ints__type_support.c
-- Up-to-date: /home/htootayzaaung/ROS2/workspace/install/client_server/include/client_server/client_server/msg
-- Up-to-date: /home/htootayzaaung/ROS2/workspace/install/client_server/include/client_server/client_server/msg/detail
-- Up-to-date: /home/htootayzaaung/ROS2/workspace/install/client_server/include/client_server/client_server/msg/detail/num__rosidl_typesupport_introspection_c.h
-- Up-to-date: /home/htootayzaaung/ROS2/workspace/install/client_server/include/client_server/client_server/msg/detail/num__type_support.c
-- Up-to-date: /home/htootayzaaung/ROS2/workspace/install/client_server/include/client_server/client_server/msg/rosidl_typesupport_introspection_c__visibility_control.h
-- Up-to-date: /home/htootayzaaung/ROS2/workspace/install/client_server/lib/libclient_server__rosidl_typesupport_introspection_c.so
-- Up-to-date: /home/htootayzaaung/ROS2/workspace/install/client_server/lib/libclient_server__rosidl_typesupport_c.so
-- Up-to-date: /home/htootayzaaung/ROS2/workspace/install/client_server/include/client_server/client_server
-- Up-to-date: /home/htootayzaaung/ROS2/workspace/install/client_server/include/client_server/client_server/srv
-- Up-to-date: /home/htootayzaaung/ROS2/workspace/install/client_server/include/client_server/client_server/srv/detail
-- Up-to-date: /home/htootayzaaung/ROS2/workspace/install/client_server/include/client_server/client_server/srv/detail/add_three_ints__rosidl_typesupport_introspection_cpp.hpp
-- Up-to-date: /home/htootayzaaung/ROS2/workspace/install/client_server/include/client_server/client_server/srv/detail/add_three_ints__type_support.cpp
-- Up-to-date: /home/htootayzaaung/ROS2/workspace/install/client_server/include/client_server/client_server/msg
-- Up-to-date: /home/htootayzaaung/ROS2/workspace/install/client_server/include/client_server/client_server/msg/detail
-- Up-to-date: /home/htootayzaaung/ROS2/workspace/install/client_server/include/client_server/client_server/msg/detail/num__type_support.cpp
-- Up-to-date: /home/htootayzaaung/ROS2/workspace/install/client_server/include/client_server/client_server/msg/detail/num__rosidl_typesupport_introspection_cpp.hpp
-- Up-to-date: /home/htootayzaaung/ROS2/workspace/install/client_server/lib/libclient_server__rosidl_typesupport_introspection_cpp.so
-- Up-to-date: /home/htootayzaaung/ROS2/workspace/install/client_server/lib/libclient_server__rosidl_typesupport_cpp.so
-- Up-to-date: /home/htootayzaaung/ROS2/workspace/install/client_server/share/client_server/environment/pythonpath.sh
-- Installing: /home/htootayzaaung/ROS2/workspace/install/client_server/share/client_server/environment/pythonpath.dsv
-- Up-to-date: /home/htootayzaaung/ROS2/workspace/install/client_server/local/lib/python3.10/dist-packages/client_server-0.0.0-py3.10.egg-info
-- Installing: /home/htootayzaaung/ROS2/workspace/install/client_server/local/lib/python3.10/dist-packages/client_server-0.0.0-py3.10.egg-info/top_level.txt
-- Installing: /home/htootayzaaung/ROS2/workspace/install/client_server/local/lib/python3.10/dist-packages/client_server-0.0.0-py3.10.egg-info/dependency_links.txt
-- Installing: /home/htootayzaaung/ROS2/workspace/install/client_server/local/lib/python3.10/dist-packages/client_server-0.0.0-py3.10.egg-info/SOURCES.txt
-- Installing: /home/htootayzaaung/ROS2/workspace/install/client_server/local/lib/python3.10/dist-packages/client_server-0.0.0-py3.10.egg-info/PKG-INFO
-- Up-to-date: /home/htootayzaaung/ROS2/workspace/install/client_server/local/lib/python3.10/dist-packages/client_server
-- Up-to-date: /home/htootayzaaung/ROS2/workspace/install/client_server/local/lib/python3.10/dist-packages/client_server/client_server_s__rosidl_typesupport_fastrtps_c.cpython-310-x86_64-linux-gnu.so
-- Up-to-date: /home/htootayzaaung/ROS2/workspace/install/client_server/local/lib/python3.10/dist-packages/client_server/_client_server_s.ep.rosidl_typesupport_introspection_c.c
-- Installing: /home/htootayzaaung/ROS2/workspace/install/client_server/local/lib/python3.10/dist-packages/client_server/__init__.py
-- Up-to-date: /home/htootayzaaung/ROS2/workspace/install/client_server/local/lib/python3.10/dist-packages/client_server/srv
-- Up-to-date: /home/htootayzaaung/ROS2/workspace/install/client_server/local/lib/python3.10/dist-packages/client_server/srv/_add_three_ints_s.c
-- Up-to-date: /home/htootayzaaung/ROS2/workspace/install/client_server/local/lib/python3.10/dist-packages/client_server/srv/__init__.py
-- Up-to-date: /home/htootayzaaung/ROS2/workspace/install/client_server/local/lib/python3.10/dist-packages/client_server/srv/_add_three_ints.py
-- Up-to-date: /home/htootayzaaung/ROS2/workspace/install/client_server/local/lib/python3.10/dist-packages/client_server/client_server_s__rosidl_typesupport_introspection_c.cpython-310-x86_64-linux-gnu.so
-- Up-to-date: /home/htootayzaaung/ROS2/workspace/install/client_server/local/lib/python3.10/dist-packages/client_server/_client_server_s.ep.rosidl_typesupport_fastrtps_c.c
-- Up-to-date: /home/htootayzaaung/ROS2/workspace/install/client_server/local/lib/python3.10/dist-packages/client_server/libclient_server__rosidl_generator_py.so
-- Up-to-date: /home/htootayzaaung/ROS2/workspace/install/client_server/local/lib/python3.10/dist-packages/client_server/_client_server_s.ep.rosidl_typesupport_c.c
-- Up-to-date: /home/htootayzaaung/ROS2/workspace/install/client_server/local/lib/python3.10/dist-packages/client_server/client_server_s__rosidl_typesupport_c.cpython-310-x86_64-linux-gnu.so
-- Up-to-date: /home/htootayzaaung/ROS2/workspace/install/client_server/local/lib/python3.10/dist-packages/client_server/msg
-- Up-to-date: /home/htootayzaaung/ROS2/workspace/install/client_server/local/lib/python3.10/dist-packages/client_server/msg/_num.py
-- Up-to-date: /home/htootayzaaung/ROS2/workspace/install/client_server/local/lib/python3.10/dist-packages/client_server/msg/__init__.py
-- Up-to-date: /home/htootayzaaung/ROS2/workspace/install/client_server/local/lib/python3.10/dist-packages/client_server/msg/_num_s.c
Listing '/home/htootayzaaung/ROS2/workspace/install/client_server/local/lib/python3.10/dist-packages/client_server'...
Compiling '/home/htootayzaaung/ROS2/workspace/install/client_server/local/lib/python3.10/dist-packages/client_server/__init__.py'...
Listing '/home/htootayzaaung/ROS2/workspace/install/client_server/local/lib/python3.10/dist-packages/client_server/msg'...
Listing '/home/htootayzaaung/ROS2/workspace/install/client_server/local/lib/python3.10/dist-packages/client_server/srv'...
-- Up-to-date: /home/htootayzaaung/ROS2/workspace/install/client_server/local/lib/python3.10/dist-packages/client_server/client_server_s__rosidl_typesupport_fastrtps_c.cpython-310-x86_64-linux-gnu.so
-- Up-to-date: /home/htootayzaaung/ROS2/workspace/install/client_server/local/lib/python3.10/dist-packages/client_server/client_server_s__rosidl_typesupport_introspection_c.cpython-310-x86_64-linux-gnu.so
-- Up-to-date: /home/htootayzaaung/ROS2/workspace/install/client_server/local/lib/python3.10/dist-packages/client_server/client_server_s__rosidl_typesupport_c.cpython-310-x86_64-linux-gnu.so
-- Up-to-date: /home/htootayzaaung/ROS2/workspace/install/client_server/lib/libclient_server__rosidl_generator_py.so
-- Up-to-date: /home/htootayzaaung/ROS2/workspace/install/client_server/share/client_server/msg/Num.idl
-- Up-to-date: /home/htootayzaaung/ROS2/workspace/install/client_server/share/client_server/srv/AddThreeInts.idl
-- Up-to-date: /home/htootayzaaung/ROS2/workspace/install/client_server/share/client_server/msg/Num.msg
-- Up-to-date: /home/htootayzaaung/ROS2/workspace/install/client_server/share/client_server/srv/AddThreeInts.srv
-- Up-to-date: /home/htootayzaaung/ROS2/workspace/install/client_server/share/client_server/srv/AddThreeInts_Request.msg
-- Up-to-date: /home/htootayzaaung/ROS2/workspace/install/client_server/share/client_server/srv/AddThreeInts_Response.msg
-- Installing: /home/htootayzaaung/ROS2/workspace/install/client_server/lib/client_server/server
-- Set runtime path of "/home/htootayzaaung/ROS2/workspace/install/client_server/lib/client_server/server" to ""
-- Installing: /home/htootayzaaung/ROS2/workspace/install/client_server/lib/client_server/client
-- Set runtime path of "/home/htootayzaaung/ROS2/workspace/install/client_server/lib/client_server/client" to ""
-- Up-to-date: /home/htootayzaaung/ROS2/workspace/install/client_server/share/ament_index/resource_index/package_run_dependencies/client_server
-- Up-to-date: /home/htootayzaaung/ROS2/workspace/install/client_server/share/ament_index/resource_index/parent_prefix_path/client_server
-- Up-to-date: /home/htootayzaaung/ROS2/workspace/install/client_server/share/client_server/environment/ament_prefix_path.sh
-- Installing: /home/htootayzaaung/ROS2/workspace/install/client_server/share/client_server/environment/ament_prefix_path.dsv
-- Up-to-date: /home/htootayzaaung/ROS2/workspace/install/client_server/share/client_server/environment/path.sh
-- Installing: /home/htootayzaaung/ROS2/workspace/install/client_server/share/client_server/environment/path.dsv
-- Up-to-date: /home/htootayzaaung/ROS2/workspace/install/client_server/share/client_server/local_setup.bash
-- Up-to-date: /home/htootayzaaung/ROS2/workspace/install/client_server/share/client_server/local_setup.sh
-- Up-to-date: /home/htootayzaaung/ROS2/workspace/install/client_server/share/client_server/local_setup.zsh
-- Installing: /home/htootayzaaung/ROS2/workspace/install/client_server/share/client_server/local_setup.dsv
-- Installing: /home/htootayzaaung/ROS2/workspace/install/client_server/share/client_server/package.dsv
-- Up-to-date: /home/htootayzaaung/ROS2/workspace/install/client_server/share/ament_index/resource_index/packages/client_server
-- Up-to-date: /home/htootayzaaung/ROS2/workspace/install/client_server/share/client_server/cmake/export_client_server__rosidl_generator_cExport.cmake
-- Up-to-date: /home/htootayzaaung/ROS2/workspace/install/client_server/share/client_server/cmake/export_client_server__rosidl_generator_cExport-noconfig.cmake
-- Up-to-date: /home/htootayzaaung/ROS2/workspace/install/client_server/share/client_server/cmake/export_client_server__rosidl_typesupport_fastrtps_cExport.cmake
-- Up-to-date: /home/htootayzaaung/ROS2/workspace/install/client_server/share/client_server/cmake/export_client_server__rosidl_typesupport_fastrtps_cExport-noconfig.cmake
-- Up-to-date: /home/htootayzaaung/ROS2/workspace/install/client_server/share/client_server/cmake/export_client_server__rosidl_generator_cppExport.cmake
-- Up-to-date: /home/htootayzaaung/ROS2/workspace/install/client_server/share/client_server/cmake/export_client_server__rosidl_typesupport_fastrtps_cppExport.cmake
-- Up-to-date: /home/htootayzaaung/ROS2/workspace/install/client_server/share/client_server/cmake/export_client_server__rosidl_typesupport_fastrtps_cppExport-noconfig.cmake
-- Up-to-date: /home/htootayzaaung/ROS2/workspace/install/client_server/share/client_server/cmake/client_server__rosidl_typesupport_introspection_cExport.cmake
-- Up-to-date: /home/htootayzaaung/ROS2/workspace/install/client_server/share/client_server/cmake/client_server__rosidl_typesupport_introspection_cExport-noconfig.cmake
-- Up-to-date: /home/htootayzaaung/ROS2/workspace/install/client_server/share/client_server/cmake/client_server__rosidl_typesupport_cExport.cmake
-- Up-to-date: /home/htootayzaaung/ROS2/workspace/install/client_server/share/client_server/cmake/client_server__rosidl_typesupport_cExport-noconfig.cmake
-- Up-to-date: /home/htootayzaaung/ROS2/workspace/install/client_server/share/client_server/cmake/client_server__rosidl_typesupport_introspection_cppExport.cmake
-- Up-to-date: /home/htootayzaaung/ROS2/workspace/install/client_server/share/client_server/cmake/client_server__rosidl_typesupport_introspection_cppExport-noconfig.cmake
-- Up-to-date: /home/htootayzaaung/ROS2/workspace/install/client_server/share/client_server/cmake/client_server__rosidl_typesupport_cppExport.cmake
-- Up-to-date: /home/htootayzaaung/ROS2/workspace/install/client_server/share/client_server/cmake/client_server__rosidl_typesupport_cppExport-noconfig.cmake
-- Up-to-date: /home/htootayzaaung/ROS2/workspace/install/client_server/share/client_server/cmake/export_client_server__rosidl_generator_pyExport.cmake
-- Up-to-date: /home/htootayzaaung/ROS2/workspace/install/client_server/share/client_server/cmake/export_client_server__rosidl_generator_pyExport-noconfig.cmake
-- Up-to-date: /home/htootayzaaung/ROS2/workspace/install/client_server/share/client_server/cmake/rosidl_cmake-extras.cmake
-- Up-to-date: /home/htootayzaaung/ROS2/workspace/install/client_server/share/client_server/cmake/ament_cmake_export_include_directories-extras.cmake
-- Up-to-date: /home/htootayzaaung/ROS2/workspace/install/client_server/share/client_server/cmake/ament_cmake_export_libraries-extras.cmake
-- Up-to-date: /home/htootayzaaung/ROS2/workspace/install/client_server/share/client_server/cmake/ament_cmake_export_targets-extras.cmake
-- Up-to-date: /home/htootayzaaung/ROS2/workspace/install/client_server/share/client_server/cmake/rosidl_cmake_export_typesupport_targets-extras.cmake
-- Up-to-date: /home/htootayzaaung/ROS2/workspace/install/client_server/share/client_server/cmake/ament_cmake_export_dependencies-extras.cmake
-- Up-to-date: /home/htootayzaaung/ROS2/workspace/install/client_server/share/client_server/cmake/rosidl_cmake_export_typesupport_libraries-extras.cmake
-- Up-to-date: /home/htootayzaaung/ROS2/workspace/install/client_server/share/client_server/cmake/client_serverConfig.cmake
-- Up-to-date: /home/htootayzaaung/ROS2/workspace/install/client_server/share/client_server/cmake/client_serverConfig-version.cmake
-- Up-to-date: /home/htootayzaaung/ROS2/workspace/install/client_server/share/client_server/package.xml
