[0.017s] Invoking command in '/home/htootayzaaung/ROS2/workspace/build/client_server': /usr/bin/cmake /home/htootayzaaung/ROS2/workspace/src/client_server -DCMAKE_INSTALL_PREFIX=/home/htootayzaaung/ROS2/workspace/install/client_server
[0.031s] -- Found ament_cmake: 1.3.4 (/opt/ros/humble/share/ament_cmake/cmake)
[0.223s] -- Found rclcpp: 16.0.4 (/opt/ros/humble/share/rclcpp/cmake)
[0.264s] -- Found rosidl_generator_c: 3.1.4 (/opt/ros/humble/share/rosidl_generator_c/cmake)
[0.268s] -- Found rosidl_adapter: 3.1.4 (/opt/ros/humble/share/rosidl_adapter/cmake)
[0.276s] -- Found rosidl_generator_cpp: 3.1.4 (/opt/ros/humble/share/rosidl_generator_cpp/cmake)
[0.291s] -- Using all available rosidl_typesupport_c: rosidl_typesupport_fastrtps_c;rosidl_typesupport_introspection_c
[0.313s] -- Using all available rosidl_typesupport_cpp: rosidl_typesupport_fastrtps_cpp;rosidl_typesupport_introspection_cpp
[0.394s] -- Found rmw_implementation_cmake: 6.1.1 (/opt/ros/humble/share/rmw_implementation_cmake/cmake)
[0.396s] -- Found rmw_fastrtps_cpp: 6.2.2 (/opt/ros/humble/share/rmw_fastrtps_cpp/cmake)
[0.569s] -- Using RMW implementation 'rmw_fastrtps_cpp' as default
[0.789s] -- Found geometry_msgs: 4.2.3 (/opt/ros/humble/share/geometry_msgs/cmake)
[0.850s] -- Found rosidl_default_generators: 1.2.0 (/opt/ros/humble/share/rosidl_default_generators/cmake)
[1.123s] Error parsing '/home/htootayzaaung/ROS2/workspace/src/client_server/package.xml':
[1.183s] Traceback (most recent call last):
[1.183s]   File "/opt/ros/humble/share/ament_cmake_core/cmake/core/package_xml_2_cmake.py", line 150, in <module>
[1.183s]     main()
[1.183s]   File "/opt/ros/humble/share/ament_cmake_core/cmake/core/package_xml_2_cmake.py", line 53, in main
[1.183s]     raise e
[1.183s]   File "/opt/ros/humble/share/ament_cmake_core/cmake/core/package_xml_2_cmake.py", line 49, in main
[1.184s]     package = parse_package_string(
[1.184s]   File "/usr/lib/python3/dist-packages/catkin_pkg/package.py", line 788, in parse_package_string
[1.184s]     pkg.validate(warnings=warnings)
[1.184s]   File "/usr/lib/python3/dist-packages/catkin_pkg/package.py", line 330, in validate
[1.184s]     raise InvalidPackage('\n'.join(errors), self.filename)
[1.184s] catkin_pkg.package.InvalidPackage: Error(s) in package '/home/htootayzaaung/ROS2/workspace/src/client_server/package.xml':
[1.184s] The package "client_server" must not "build_depend" on a package with the same name as this package
[1.185s] The package "client_server" must not "build_export_depend" on a package with the same name as this package
[1.185s] The package "client_server" must not "exec_depend" on a package with the same name as this package
[1.201s] [31mCMake Error at /opt/ros/humble/share/ament_cmake_core/cmake/core/ament_package_xml.cmake:95 (message):
[1.201s]   execute_process(/usr/bin/python3.10
[1.201s]   /opt/ros/humble/share/ament_cmake_core/cmake/core/package_xml_2_cmake.py
[1.201s]   /home/htootayzaaung/ROS2/workspace/src/client_server/package.xml
[1.201s]   /home/htootayzaaung/ROS2/workspace/build/client_server/ament_cmake_core/package.cmake)
[1.201s]   returned error code 1
[1.201s] Call Stack (most recent call first):
[1.201s]   /opt/ros/humble/share/ament_cmake_core/cmake/core/ament_package_xml.cmake:49 (_ament_package_xml)
[1.202s]   /opt/ros/humble/share/rosidl_cmake/cmake/rosidl_generate_interfaces.cmake:226 (ament_package_xml)
[1.202s]   CMakeLists.txt:15 (rosidl_generate_interfaces)
[1.202s] 
[1.202s] [0m
[1.202s] -- Configuring incomplete, errors occurred!
[1.202s] See also "/home/htootayzaaung/ROS2/workspace/build/client_server/CMakeFiles/CMakeOutput.log".
[1.211s] Invoked command in '/home/htootayzaaung/ROS2/workspace/build/client_server' returned '1': /usr/bin/cmake /home/htootayzaaung/ROS2/workspace/src/client_server -DCMAKE_INSTALL_PREFIX=/home/htootayzaaung/ROS2/workspace/install/client_server
