[0.016s] Invoking command in '/home/htootayzaaung/ROS2/workspace/build/client_server': /usr/bin/cmake /home/htootayzaaung/ROS2/workspace/src/client_server -DCMAKE_INSTALL_PREFIX=/home/htootayzaaung/ROS2/workspace/install/client_server
[0.030s] -- Found ament_cmake: 1.3.4 (/opt/ros/humble/share/ament_cmake/cmake)
[0.221s] -- Found rclcpp: 16.0.4 (/opt/ros/humble/share/rclcpp/cmake)
[0.262s] -- Found rosidl_generator_c: 3.1.4 (/opt/ros/humble/share/rosidl_generator_c/cmake)
[0.265s] -- Found rosidl_adapter: 3.1.4 (/opt/ros/humble/share/rosidl_adapter/cmake)
[0.273s] -- Found rosidl_generator_cpp: 3.1.4 (/opt/ros/humble/share/rosidl_generator_cpp/cmake)
[0.288s] -- Using all available rosidl_typesupport_c: rosidl_typesupport_fastrtps_c;rosidl_typesupport_introspection_c
[0.309s] -- Using all available rosidl_typesupport_cpp: rosidl_typesupport_fastrtps_cpp;rosidl_typesupport_introspection_cpp
[0.404s] -- Found rmw_implementation_cmake: 6.1.1 (/opt/ros/humble/share/rmw_implementation_cmake/cmake)
[0.404s] -- Found rmw_fastrtps_cpp: 6.2.2 (/opt/ros/humble/share/rmw_fastrtps_cpp/cmake)
[0.584s] -- Using RMW implementation 'rmw_fastrtps_cpp' as default
[0.814s] [31mCMake Error at CMakeLists.txt:11 (find_package):
[0.814s]   By not providing "Findclient_server.cmake" in CMAKE_MODULE_PATH this
[0.815s]   project has asked CMake to find a package configuration file provided by
[0.815s]   "client_server", but CMake did not find one.
[0.815s] 
[0.815s]   Could not find a package configuration file provided by "client_server"
[0.815s]   with any of the following names:
[0.815s] 
[0.815s]     client_serverConfig.cmake
[0.815s]     client_server-config.cmake
[0.815s] 
[0.815s]   Add the installation prefix of "client_server" to CMAKE_PREFIX_PATH or set
[0.815s]   "client_server_DIR" to a directory containing one of the above files.  If
[0.815s]   "client_server" provides a separate development package or SDK, be sure it
[0.815s]   has been installed.
[0.816s] 
[0.816s] [0m
[0.816s] -- Configuring incomplete, errors occurred!
[0.816s] See also "/home/htootayzaaung/ROS2/workspace/build/client_server/CMakeFiles/CMakeOutput.log".
[0.822s] Invoked command in '/home/htootayzaaung/ROS2/workspace/build/client_server' returned '1': /usr/bin/cmake /home/htootayzaaung/ROS2/workspace/src/client_server -DCMAKE_INSTALL_PREFIX=/home/htootayzaaung/ROS2/workspace/install/client_server
