[0.021s] Invoking command in '/home/htootayzaaung/ROS2/workspace/build/client_server': CMAKE_PREFIX_PATH=${CMAKE_PREFIX_PATH}:/opt/ros/humble /usr/bin/cmake --build /home/htootayzaaung/ROS2/workspace/build/client_server -- -j8 -l8
[0.056s] -- Found ament_cmake: 1.3.4 (/opt/ros/humble/share/ament_cmake/cmake)
[0.267s] -- Found rclcpp: 16.0.4 (/opt/ros/humble/share/rclcpp/cmake)
[0.308s] -- Found rosidl_generator_c: 3.1.4 (/opt/ros/humble/share/rosidl_generator_c/cmake)
[0.311s] -- Found rosidl_adapter: 3.1.4 (/opt/ros/humble/share/rosidl_adapter/cmake)
[0.320s] -- Found rosidl_generator_cpp: 3.1.4 (/opt/ros/humble/share/rosidl_generator_cpp/cmake)
[0.337s] -- Using all available rosidl_typesupport_c: rosidl_typesupport_fastrtps_c;rosidl_typesupport_introspection_c
[0.362s] -- Using all available rosidl_typesupport_cpp: rosidl_typesupport_fastrtps_cpp;rosidl_typesupport_introspection_cpp
[0.449s] -- Found rmw_implementation_cmake: 6.1.1 (/opt/ros/humble/share/rmw_implementation_cmake/cmake)
[0.451s] -- Found rmw_fastrtps_cpp: 6.2.2 (/opt/ros/humble/share/rmw_fastrtps_cpp/cmake)
[0.621s] -- Using RMW implementation 'rmw_fastrtps_cpp' as default
[0.865s] -- Found geometry_msgs: 4.2.3 (/opt/ros/humble/share/geometry_msgs/cmake)
[0.928s] -- Found rosidl_default_generators: 1.2.0 (/opt/ros/humble/share/rosidl_default_generators/cmake)
[0.954s] [31mCMake Error at CMakeLists.txt:14 (find_package):
[0.954s]   By not providing "Findclient_server.cmake" in CMAKE_MODULE_PATH this
[0.954s]   project has asked CMake to find a package configuration file provided by
[0.954s]   "client_server", but CMake did not find one.
[0.955s] 
[0.955s]   Could not find a package configuration file provided by "client_server"
[0.955s]   with any of the following names:
[0.955s] 
[0.955s]     client_serverConfig.cmake
[0.955s]     client_server-config.cmake
[0.955s] 
[0.955s]   Add the installation prefix of "client_server" to CMAKE_PREFIX_PATH or set
[0.955s]   "client_server_DIR" to a directory containing one of the above files.  If
[0.955s]   "client_server" provides a separate development package or SDK, be sure it
[0.955s]   has been installed.
[0.955s] 
[0.956s] [0m
[0.956s] -- Configuring incomplete, errors occurred!
[0.956s] See also "/home/htootayzaaung/ROS2/workspace/build/client_server/CMakeFiles/CMakeOutput.log".
[0.962s] gmake: *** [Makefile:1261: cmake_check_build_system] Error 1
[0.965s] Invoked command in '/home/htootayzaaung/ROS2/workspace/build/client_server' returned '2': CMAKE_PREFIX_PATH=${CMAKE_PREFIX_PATH}:/opt/ros/humble /usr/bin/cmake --build /home/htootayzaaung/ROS2/workspace/build/client_server -- -j8 -l8
