[0.019s] Invoking command in '/home/htootayzaaung/ROS2/workspace/build/client_server': CMAKE_PREFIX_PATH=${CMAKE_PREFIX_PATH}:/opt/ros/humble /usr/bin/cmake --build /home/htootayzaaung/ROS2/workspace/build/client_server -- -j8 -l8
[0.049s] -- Found ament_cmake: 1.3.4 (/opt/ros/humble/share/ament_cmake/cmake)
[0.264s] -- Found rclcpp: 16.0.4 (/opt/ros/humble/share/rclcpp/cmake)
[0.304s] -- Found rosidl_generator_c: 3.1.4 (/opt/ros/humble/share/rosidl_generator_c/cmake)
[0.307s] -- Found rosidl_adapter: 3.1.4 (/opt/ros/humble/share/rosidl_adapter/cmake)
[0.315s] -- Found rosidl_generator_cpp: 3.1.4 (/opt/ros/humble/share/rosidl_generator_cpp/cmake)
[0.330s] -- Using all available rosidl_typesupport_c: rosidl_typesupport_fastrtps_c;rosidl_typesupport_introspection_c
[0.351s] -- Using all available rosidl_typesupport_cpp: rosidl_typesupport_fastrtps_cpp;rosidl_typesupport_introspection_cpp
[0.433s] -- Found rmw_implementation_cmake: 6.1.1 (/opt/ros/humble/share/rmw_implementation_cmake/cmake)
[0.435s] -- Found rmw_fastrtps_cpp: 6.2.2 (/opt/ros/humble/share/rmw_fastrtps_cpp/cmake)
[0.616s] -- Using RMW implementation 'rmw_fastrtps_cpp' as default
[0.831s] -- Found geometry_msgs: 4.2.3 (/opt/ros/humble/share/geometry_msgs/cmake)
[0.889s] -- Found rosidl_default_generators: 1.2.0 (/opt/ros/humble/share/rosidl_default_generators/cmake)
[0.913s] [33mCMake Warning at CMakeLists.txt:14 (find_package):
[0.913s]   By not providing "Findclient_server.cmake" in CMAKE_MODULE_PATH this
[0.913s]   project has asked CMake to find a package configuration file provided by
[0.913s]   "client_server", but CMake did not find one.
[0.913s] 
[0.913s]   Could not find a package configuration file provided by "client_server"
[0.913s]   with any of the following names:
[0.913s] 
[0.913s]     client_serverConfig.cmake
[0.914s]     client_server-config.cmake
[0.914s] 
[0.914s]   Add the installation prefix of "client_server" to CMAKE_PREFIX_PATH or set
[0.914s]   "client_server_DIR" to a directory containing one of the above files.  If
[0.914s]   "client_server" provides a separate development package or SDK, be sure it
[0.914s]   has been installed.
[0.914s] 
[0.914s] [0m
[1.302s] -- Found ament_cmake_ros: 0.10.0 (/opt/ros/humble/share/ament_cmake_ros/cmake)
[1.768s] -- Using all available rosidl_typesupport_c: rosidl_typesupport_fastrtps_c;rosidl_typesupport_introspection_c
[1.948s] -- Using all available rosidl_typesupport_cpp: rosidl_typesupport_fastrtps_cpp;rosidl_typesupport_introspection_cpp
[1.980s] -- Found python_cmake_module: 0.10.0 (/opt/ros/humble/share/python_cmake_module/cmake)
[2.011s] -- Using PYTHON_EXECUTABLE: /usr/bin/python3
[2.011s] -- Using PYTHON_INCLUDE_DIRS: /usr/include/python3.10
[2.011s] -- Using PYTHON_LIBRARIES: /usr/lib/x86_64-linux-gnu/libpython3.10.so
[2.026s] -- Found ament_lint_auto: 0.12.6 (/opt/ros/humble/share/ament_lint_auto/cmake)
[2.044s] -- Added test 'cppcheck' to perform static code analysis on C / C++ code
[2.044s] -- Configured cppcheck include dirs: 
[2.044s] -- Configured cppcheck exclude dirs and/or files: 
[2.045s] -- Added test 'flake8' to check Python code syntax and style conventions
[2.047s] -- Added test 'lint_cmake' to check CMake code style
[2.047s] -- Added test 'pep257' to check Python code against some of the docstring style conventions in PEP 257
[2.052s] -- Added test 'uncrustify' to check C / C++ code style
[2.052s] -- Configured uncrustify additional arguments: 
[2.053s] -- Added test 'xmllint' to check XML markup files
[2.055s] -- Configuring done
[2.101s] -- Generating done
[2.105s] -- Build files have been written to: /home/htootayzaaung/ROS2/workspace/build/client_server
[2.143s] [35m[1mConsolidate compiler generated dependencies of target client_server__rosidl_generator_c[0m
[2.155s] [  2%] [32mBuilding CXX object CMakeFiles/client.dir/src/Client.cpp.o[0m
[2.156s] [  4%] [32mBuilding CXX object CMakeFiles/server.dir/src/Server.cpp.o[0m
[2.157s] [  6%] Built target client_server__cpp
[2.158s] [ 16%] Built target client_server__rosidl_generator_c
[2.163s] [ 16%] Built target ament_cmake_python_copy_client_server
[2.179s] [35m[1mConsolidate compiler generated dependencies of target client_server__rosidl_typesupport_fastrtps_cpp[0m
[2.180s] [35m[1mConsolidate compiler generated dependencies of target client_server__rosidl_typesupport_introspection_cpp[0m
[2.180s] [35m[1mConsolidate compiler generated dependencies of target client_server__rosidl_typesupport_fastrtps_c[0m
[2.180s] [35m[1mConsolidate compiler generated dependencies of target client_server__rosidl_typesupport_introspection_c[0m
[2.180s] [35m[1mConsolidate compiler generated dependencies of target client_server__rosidl_typesupport_cpp[0m
[2.180s] [35m[1mConsolidate compiler generated dependencies of target client_server__rosidl_typesupport_c[0m
[2.201s] [ 37%] Built target client_server__rosidl_typesupport_fastrtps_cpp
[2.201s] [ 37%] Built target client_server__rosidl_typesupport_introspection_cpp
[2.201s] [ 44%] Built target client_server__rosidl_typesupport_c
[2.202s] [ 53%] Built target client_server__rosidl_typesupport_fastrtps_c
[2.206s] [ 62%] Built target client_server__rosidl_typesupport_cpp
[2.211s] [ 72%] Built target client_server__rosidl_typesupport_introspection_c
[2.242s] [ 72%] Built target client_server
[2.273s] [ 74%] [34m[1mGenerating Python code for ROS interfaces[0m
[2.436s] [01m[K/home/htootayzaaung/ROS2/workspace/src/client_server/src/Server.cpp:2:10:[m[K [01;31m[Kfatal error: [m[Kclient_server/srv/add_three_ints.hpp: No such file or directory
[2.436s]     2 | #include [01;31m[K"client_server/srv/add_three_ints.hpp"[m[K                                        // CHANGE
[2.436s]       |          [01;31m[K^~~~~~~~~~~~~~~~~~~~~~~~~~~~~~~~~~~~~~[m[K
[2.436s] compilation terminated.
[2.439s] gmake[2]: *** [CMakeFiles/server.dir/build.make:76: CMakeFiles/server.dir/src/Server.cpp.o] Error 1
[2.440s] gmake[1]: *** [CMakeFiles/Makefile2:594: CMakeFiles/server.dir/all] Error 2
[2.440s] gmake[1]: *** Waiting for unfinished jobs....
[2.445s] [01m[K/home/htootayzaaung/ROS2/workspace/src/client_server/src/Client.cpp:2:10:[m[K [01;31m[Kfatal error: [m[Kclient_server/srv/add_three_ints.hpp: No such file or directory
[2.445s]     2 | #include [01;31m[K"client_server/srv/add_three_ints.hpp"[m[K                                       // CHANGE
[2.445s]       |          [01;31m[K^~~~~~~~~~~~~~~~~~~~~~~~~~~~~~~~~~~~~~[m[K
[2.445s] compilation terminated.
[2.448s] gmake[2]: *** [CMakeFiles/client.dir/build.make:76: CMakeFiles/client.dir/src/Client.cpp.o] Error 1
[2.448s] gmake[1]: *** [CMakeFiles/Makefile2:620: CMakeFiles/client.dir/all] Error 2
[2.631s] running egg_info
[2.631s] writing client_server.egg-info/PKG-INFO
[2.632s] writing dependency_links to client_server.egg-info/dependency_links.txt
[2.632s] writing top-level names to client_server.egg-info/top_level.txt
[2.636s] reading manifest file 'client_server.egg-info/SOURCES.txt'
[2.636s] writing manifest file 'client_server.egg-info/SOURCES.txt'
[2.667s] [ 74%] Built target ament_cmake_python_build_client_server_egg
[3.025s] [ 74%] Built target client_server__py
[3.027s] gmake: *** [Makefile:146: all] Error 2
[3.029s] Invoked command in '/home/htootayzaaung/ROS2/workspace/build/client_server' returned '2': CMAKE_PREFIX_PATH=${CMAKE_PREFIX_PATH}:/opt/ros/humble /usr/bin/cmake --build /home/htootayzaaung/ROS2/workspace/build/client_server -- -j8 -l8
