[0.431s] DEBUG:colcon:Command line arguments: ['/usr/bin/colcon', 'build', '--packages-select', 'client_server']
[0.431s] DEBUG:colcon:Parsed command line arguments: Namespace(log_base=None, log_level=None, verb_name='build', build_base='build', install_base='install', merge_install=False, symlink_install=False, test_result_base=None, continue_on_error=False, executor='parallel', parallel_workers=8, event_handlers=None, ignore_user_meta=False, metas=['./colcon.meta'], base_paths=['.'], packages_ignore=None, packages_ignore_regex=None, paths=None, packages_up_to=None, packages_up_to_regex=None, packages_above=None, packages_above_and_dependencies=None, packages_above_depth=None, packages_select_by_dep=None, packages_skip_by_dep=None, packages_skip_up_to=None, packages_select_build_failed=False, packages_skip_build_finished=False, packages_select_test_failures=False, packages_skip_test_passed=False, packages_select=['client_server'], packages_skip=None, packages_select_regex=None, packages_skip_regex=None, packages_start=None, packages_end=None, allow_overriding=[], cmake_args=None, cmake_target=None, cmake_target_skip_unavailable=False, cmake_clean_cache=False, cmake_clean_first=False, cmake_force_configure=False, ament_cmake_args=None, catkin_cmake_args=None, catkin_skip_building_tests=False, verb_parser=<colcon_defaults.argument_parser.defaults.DefaultArgumentsDecorator object at 0x7f70f0ec7160>, verb_extension=<colcon_core.verb.build.BuildVerb object at 0x7f70f16dbfd0>, main=<bound method BuildVerb.main of <colcon_core.verb.build.BuildVerb object at 0x7f70f16dbfd0>>)
[0.473s] Level 1:colcon.colcon_core.package_discovery:discover_packages(colcon_meta) check parameters
[0.473s] Level 1:colcon.colcon_core.package_discovery:discover_packages(recursive) check parameters
[0.473s] Level 1:colcon.colcon_core.package_discovery:discover_packages(ignore) check parameters
[0.473s] Level 1:colcon.colcon_core.package_discovery:discover_packages(path) check parameters
[0.473s] Level 1:colcon.colcon_core.package_discovery:discover_packages(colcon_meta) discover
[0.473s] Level 1:colcon.colcon_core.package_discovery:discover_packages(recursive) discover
[0.473s] INFO:colcon.colcon_core.package_discovery:Crawling recursively for packages in '/home/htootayzaaung/ROS2/workspace'
[0.473s] Level 1:colcon.colcon_core.package_identification:_identify(.) by extensions ['ignore', 'ignore_ament_install']
[0.473s] Level 1:colcon.colcon_core.package_identification:_identify(.) by extension 'ignore'
[0.473s] Level 1:colcon.colcon_core.package_identification:_identify(.) by extension 'ignore_ament_install'
[0.473s] Level 1:colcon.colcon_core.package_identification:_identify(.) by extensions ['colcon_pkg']
[0.473s] Level 1:colcon.colcon_core.package_identification:_identify(.) by extension 'colcon_pkg'
[0.474s] Level 1:colcon.colcon_core.package_identification:_identify(.) by extensions ['colcon_meta']
[0.474s] Level 1:colcon.colcon_core.package_identification:_identify(.) by extension 'colcon_meta'
[0.474s] Level 1:colcon.colcon_core.package_identification:_identify(.) by extensions ['ros']
[0.474s] Level 1:colcon.colcon_core.package_identification:_identify(.) by extension 'ros'
[0.489s] Level 1:colcon.colcon_core.package_identification:_identify(.) by extensions ['cmake', 'python']
[0.489s] Level 1:colcon.colcon_core.package_identification:_identify(.) by extension 'cmake'
[0.489s] Level 1:colcon.colcon_core.package_identification:_identify(.) by extension 'python'
[0.489s] Level 1:colcon.colcon_core.package_identification:_identify(.) by extensions ['python_setup_py']
[0.489s] Level 1:colcon.colcon_core.package_identification:_identify(.) by extension 'python_setup_py'
[0.489s] Level 1:colcon.colcon_core.package_identification:_identify(build) by extensions ['ignore', 'ignore_ament_install']
[0.489s] Level 1:colcon.colcon_core.package_identification:_identify(build) by extension 'ignore'
[0.489s] Level 1:colcon.colcon_core.package_identification:_identify(build) ignored
[0.490s] Level 1:colcon.colcon_core.package_identification:_identify(install) by extensions ['ignore', 'ignore_ament_install']
[0.490s] Level 1:colcon.colcon_core.package_identification:_identify(install) by extension 'ignore'
[0.490s] Level 1:colcon.colcon_core.package_identification:_identify(install) ignored
[0.490s] Level 1:colcon.colcon_core.package_identification:_identify(log) by extensions ['ignore', 'ignore_ament_install']
[0.490s] Level 1:colcon.colcon_core.package_identification:_identify(log) by extension 'ignore'
[0.490s] Level 1:colcon.colcon_core.package_identification:_identify(log) ignored
[0.490s] Level 1:colcon.colcon_core.package_identification:_identify(src) by extensions ['ignore', 'ignore_ament_install']
[0.490s] Level 1:colcon.colcon_core.package_identification:_identify(src) by extension 'ignore'
[0.490s] Level 1:colcon.colcon_core.package_identification:_identify(src) by extension 'ignore_ament_install'
[0.490s] Level 1:colcon.colcon_core.package_identification:_identify(src) by extensions ['colcon_pkg']
[0.490s] Level 1:colcon.colcon_core.package_identification:_identify(src) by extension 'colcon_pkg'
[0.491s] Level 1:colcon.colcon_core.package_identification:_identify(src) by extensions ['colcon_meta']
[0.491s] Level 1:colcon.colcon_core.package_identification:_identify(src) by extension 'colcon_meta'
[0.491s] Level 1:colcon.colcon_core.package_identification:_identify(src) by extensions ['ros']
[0.491s] Level 1:colcon.colcon_core.package_identification:_identify(src) by extension 'ros'
[0.491s] Level 1:colcon.colcon_core.package_identification:_identify(src) by extensions ['cmake', 'python']
[0.491s] Level 1:colcon.colcon_core.package_identification:_identify(src) by extension 'cmake'
[0.491s] Level 1:colcon.colcon_core.package_identification:_identify(src) by extension 'python'
[0.491s] Level 1:colcon.colcon_core.package_identification:_identify(src) by extensions ['python_setup_py']
[0.491s] Level 1:colcon.colcon_core.package_identification:_identify(src) by extension 'python_setup_py'
[0.491s] Level 1:colcon.colcon_core.package_identification:_identify(src/client_server) by extensions ['ignore', 'ignore_ament_install']
[0.491s] Level 1:colcon.colcon_core.package_identification:_identify(src/client_server) by extension 'ignore'
[0.491s] Level 1:colcon.colcon_core.package_identification:_identify(src/client_server) by extension 'ignore_ament_install'
[0.491s] Level 1:colcon.colcon_core.package_identification:_identify(src/client_server) by extensions ['colcon_pkg']
[0.491s] Level 1:colcon.colcon_core.package_identification:_identify(src/client_server) by extension 'colcon_pkg'
[0.491s] Level 1:colcon.colcon_core.package_identification:_identify(src/client_server) by extensions ['colcon_meta']
[0.491s] Level 1:colcon.colcon_core.package_identification:_identify(src/client_server) by extension 'colcon_meta'
[0.492s] Level 1:colcon.colcon_core.package_identification:_identify(src/client_server) by extensions ['ros']
[0.492s] Level 1:colcon.colcon_core.package_identification:_identify(src/client_server) by extension 'ros'
[0.495s] DEBUG:colcon.colcon_core.package_identification:Package 'src/client_server' with type 'ros.ament_cmake' and name 'client_server'
[0.495s] Level 1:colcon.colcon_core.package_identification:_identify(src/test) by extensions ['ignore', 'ignore_ament_install']
[0.495s] Level 1:colcon.colcon_core.package_identification:_identify(src/test) by extension 'ignore'
[0.495s] Level 1:colcon.colcon_core.package_identification:_identify(src/test) by extension 'ignore_ament_install'
[0.495s] Level 1:colcon.colcon_core.package_identification:_identify(src/test) by extensions ['colcon_pkg']
[0.495s] Level 1:colcon.colcon_core.package_identification:_identify(src/test) by extension 'colcon_pkg'
[0.496s] Level 1:colcon.colcon_core.package_identification:_identify(src/test) by extensions ['colcon_meta']
[0.496s] Level 1:colcon.colcon_core.package_identification:_identify(src/test) by extension 'colcon_meta'
[0.496s] Level 1:colcon.colcon_core.package_identification:_identify(src/test) by extensions ['ros']
[0.496s] Level 1:colcon.colcon_core.package_identification:_identify(src/test) by extension 'ros'
[0.497s] DEBUG:colcon.colcon_core.package_identification:Package 'src/test' with type 'ros.ament_cmake' and name 'test'
[0.497s] Level 1:colcon.colcon_core.package_identification:_identify(src/tutorial_interfaces) by extensions ['ignore', 'ignore_ament_install']
[0.497s] Level 1:colcon.colcon_core.package_identification:_identify(src/tutorial_interfaces) by extension 'ignore'
[0.498s] Level 1:colcon.colcon_core.package_identification:_identify(src/tutorial_interfaces) by extension 'ignore_ament_install'
[0.498s] Level 1:colcon.colcon_core.package_identification:_identify(src/tutorial_interfaces) by extensions ['colcon_pkg']
[0.498s] Level 1:colcon.colcon_core.package_identification:_identify(src/tutorial_interfaces) by extension 'colcon_pkg'
[0.498s] Level 1:colcon.colcon_core.package_identification:_identify(src/tutorial_interfaces) by extensions ['colcon_meta']
[0.498s] Level 1:colcon.colcon_core.package_identification:_identify(src/tutorial_interfaces) by extension 'colcon_meta'
[0.498s] Level 1:colcon.colcon_core.package_identification:_identify(src/tutorial_interfaces) by extensions ['ros']
[0.498s] Level 1:colcon.colcon_core.package_identification:_identify(src/tutorial_interfaces) by extension 'ros'
[0.499s] DEBUG:colcon.colcon_core.package_identification:Package 'src/tutorial_interfaces' with type 'ros.ament_cmake' and name 'tutorial_interfaces'
[0.499s] Level 1:colcon.colcon_core.package_discovery:discover_packages(recursive) using defaults
[0.499s] Level 1:colcon.colcon_core.package_discovery:discover_packages(ignore) discover
[0.499s] Level 1:colcon.colcon_core.package_discovery:discover_packages(ignore) using defaults
[0.499s] Level 1:colcon.colcon_core.package_discovery:discover_packages(path) discover
[0.499s] Level 1:colcon.colcon_core.package_discovery:discover_packages(path) using defaults
[0.532s] INFO:colcon.colcon_core.package_selection:Skipping not selected package 'tutorial_interfaces' in 'src/tutorial_interfaces'
[0.532s] INFO:colcon.colcon_core.package_selection:Skipping not selected package 'test' in 'src/test'
[0.533s] Level 1:colcon.colcon_core.package_discovery:discover_packages(prefix_path) check parameters
[0.533s] Level 1:colcon.colcon_core.package_discovery:discover_packages(prefix_path) discover
[0.535s] WARNING:colcon.colcon_ros.prefix_path.ament:The path '/home/htootayzaaung/ROS2/workspace/install/test' in the environment variable AMENT_PREFIX_PATH doesn't exist
[0.535s] WARNING:colcon.colcon_ros.prefix_path.ament:The path '/home/htootayzaaung/ROS2/workspace/install/tutorial_interfaces' in the environment variable AMENT_PREFIX_PATH doesn't exist
[0.535s] WARNING:colcon.colcon_ros.prefix_path.catkin:The path '/home/htootayzaaung/ROS2/workspace/install/test' in the environment variable CMAKE_PREFIX_PATH doesn't exist
[0.535s] WARNING:colcon.colcon_ros.prefix_path.catkin:The path '/home/htootayzaaung/ROS2/workspace/install/tutorial_interfaces' in the environment variable CMAKE_PREFIX_PATH doesn't exist
[0.537s] DEBUG:colcon.colcon_installed_package_information.package_discovery:Found 0 installed packages in /home/htootayzaaung/ROS2/workspace/install
[0.540s] DEBUG:colcon.colcon_installed_package_information.package_discovery:Found 307 installed packages in /opt/ros/humble
[0.542s] Level 1:colcon.colcon_core.package_discovery:discover_packages(prefix_path) using defaults
[0.624s] Level 5:colcon.colcon_core.verb:set package 'client_server' build argument 'cmake_args' from command line to 'None'
[0.624s] Level 5:colcon.colcon_core.verb:set package 'client_server' build argument 'cmake_target' from command line to 'None'
[0.625s] Level 5:colcon.colcon_core.verb:set package 'client_server' build argument 'cmake_target_skip_unavailable' from command line to 'False'
[0.625s] Level 5:colcon.colcon_core.verb:set package 'client_server' build argument 'cmake_clean_cache' from command line to 'False'
[0.625s] Level 5:colcon.colcon_core.verb:set package 'client_server' build argument 'cmake_clean_first' from command line to 'False'
[0.625s] Level 5:colcon.colcon_core.verb:set package 'client_server' build argument 'cmake_force_configure' from command line to 'False'
[0.625s] Level 5:colcon.colcon_core.verb:set package 'client_server' build argument 'ament_cmake_args' from command line to 'None'
[0.625s] Level 5:colcon.colcon_core.verb:set package 'client_server' build argument 'catkin_cmake_args' from command line to 'None'
[0.625s] Level 5:colcon.colcon_core.verb:set package 'client_server' build argument 'catkin_skip_building_tests' from command line to 'False'
[0.625s] DEBUG:colcon.colcon_core.verb:Building package 'client_server' with the following arguments: {'ament_cmake_args': None, 'build_base': '/home/htootayzaaung/ROS2/workspace/build/client_server', 'catkin_cmake_args': None, 'catkin_skip_building_tests': False, 'cmake_args': None, 'cmake_clean_cache': False, 'cmake_clean_first': False, 'cmake_force_configure': False, 'cmake_target': None, 'cmake_target_skip_unavailable': False, 'install_base': '/home/htootayzaaung/ROS2/workspace/install/client_server', 'merge_install': False, 'path': '/home/htootayzaaung/ROS2/workspace/src/client_server', 'symlink_install': False, 'test_result_base': None}
[0.626s] INFO:colcon.colcon_core.executor:Executing jobs using 'parallel' executor
[0.630s] DEBUG:colcon.colcon_parallel_executor.executor.parallel:run_until_complete
[0.631s] INFO:colcon.colcon_ros.task.ament_cmake.build:Building ROS package in '/home/htootayzaaung/ROS2/workspace/src/client_server' with build type 'ament_cmake'
[0.631s] INFO:colcon.colcon_cmake.task.cmake.build:Building CMake package in '/home/htootayzaaung/ROS2/workspace/src/client_server'
[0.636s] INFO:colcon.colcon_core.plugin_system:Skipping extension 'colcon_core.shell.bat': Not used on non-Windows systems
[0.637s] INFO:colcon.colcon_core.shell:Skip shell extension 'powershell' for command environment: Not usable outside of PowerShell
[0.637s] DEBUG:colcon.colcon_core.shell:Skip shell extension 'dsv' for command environment
[0.649s] DEBUG:colcon.colcon_core.event_handler.log_command:Invoking command in '/home/htootayzaaung/ROS2/workspace/build/client_server': CMAKE_PREFIX_PATH=${CMAKE_PREFIX_PATH}:/opt/ros/humble /usr/bin/cmake /home/htootayzaaung/ROS2/workspace/src/client_server -DCMAKE_INSTALL_PREFIX=/home/htootayzaaung/ROS2/workspace/install/client_server
[2.877s] DEBUG:colcon.colcon_core.event_handler.log_command:Invoked command in '/home/htootayzaaung/ROS2/workspace/build/client_server' returned '1': CMAKE_PREFIX_PATH=${CMAKE_PREFIX_PATH}:/opt/ros/humble /usr/bin/cmake /home/htootayzaaung/ROS2/workspace/src/client_server -DCMAKE_INSTALL_PREFIX=/home/htootayzaaung/ROS2/workspace/install/client_server
[2.891s] Level 1:colcon.colcon_core.environment:create_environment_scripts_only(client_server)
[2.897s] Level 1:colcon.colcon_core.environment:checking '/home/htootayzaaung/ROS2/workspace/install/client_server' for CMake module files
[2.897s] Level 1:colcon.colcon_core.environment:checking '/home/htootayzaaung/ROS2/workspace/install/client_server' for CMake config files
[2.898s] Level 1:colcon.colcon_core.environment:checking '/home/htootayzaaung/ROS2/workspace/install/client_server/bin'
[2.898s] Level 1:colcon.colcon_core.environment:checking '/home/htootayzaaung/ROS2/workspace/install/client_server/lib/pkgconfig/client_server.pc'
[2.898s] Level 1:colcon.colcon_core.environment:checking '/home/htootayzaaung/ROS2/workspace/install/client_server/lib/python3.10/site-packages'
[2.898s] Level 1:colcon.colcon_core.environment:checking '/home/htootayzaaung/ROS2/workspace/install/client_server/bin'
[2.900s] INFO:colcon.colcon_core.shell:Creating package script '/home/htootayzaaung/ROS2/workspace/install/client_server/share/client_server/package.ps1'
[2.901s] INFO:colcon.colcon_core.shell:Creating package descriptor '/home/htootayzaaung/ROS2/workspace/install/client_server/share/client_server/package.dsv'
[2.902s] INFO:colcon.colcon_core.shell:Creating package script '/home/htootayzaaung/ROS2/workspace/install/client_server/share/client_server/package.sh'
[2.903s] INFO:colcon.colcon_core.shell:Creating package script '/home/htootayzaaung/ROS2/workspace/install/client_server/share/client_server/package.bash'
[2.904s] INFO:colcon.colcon_core.shell:Creating package script '/home/htootayzaaung/ROS2/workspace/install/client_server/share/client_server/package.zsh'
[2.904s] Level 1:colcon.colcon_core.environment:create_file_with_runtime_dependencies(/home/htootayzaaung/ROS2/workspace/install/client_server/share/colcon-core/packages/client_server)
[2.915s] DEBUG:colcon.colcon_parallel_executor.executor.parallel:closing loop
[2.915s] DEBUG:colcon.colcon_parallel_executor.executor.parallel:loop closed
[2.915s] DEBUG:colcon.colcon_parallel_executor.executor.parallel:run_until_complete finished with '1'
[2.915s] DEBUG:colcon.colcon_core.event_reactor:joining thread
[2.922s] INFO:colcon.colcon_core.plugin_system:Skipping extension 'colcon_notification.desktop_notification.terminal_notifier': Not used on non-Darwin systems
[2.923s] INFO:colcon.colcon_core.plugin_system:Skipping extension 'colcon_notification.desktop_notification.win32': Not used on non-Windows systems
[2.923s] INFO:colcon.colcon_notification.desktop_notification:Sending desktop notification using 'notify2'
[2.938s] DEBUG:colcon.colcon_core.event_reactor:joined thread
[2.941s] INFO:colcon.colcon_core.shell:Creating prefix script '/home/htootayzaaung/ROS2/workspace/install/local_setup.ps1'
[2.942s] INFO:colcon.colcon_core.shell:Creating prefix util module '/home/htootayzaaung/ROS2/workspace/install/_local_setup_util_ps1.py'
[2.944s] INFO:colcon.colcon_core.shell:Creating prefix chain script '/home/htootayzaaung/ROS2/workspace/install/setup.ps1'
[2.946s] INFO:colcon.colcon_core.shell:Creating prefix script '/home/htootayzaaung/ROS2/workspace/install/local_setup.sh'
[2.947s] INFO:colcon.colcon_core.shell:Creating prefix util module '/home/htootayzaaung/ROS2/workspace/install/_local_setup_util_sh.py'
[2.947s] INFO:colcon.colcon_core.shell:Creating prefix chain script '/home/htootayzaaung/ROS2/workspace/install/setup.sh'
[2.950s] INFO:colcon.colcon_core.shell:Creating prefix script '/home/htootayzaaung/ROS2/workspace/install/local_setup.bash'
[2.950s] INFO:colcon.colcon_core.shell:Creating prefix chain script '/home/htootayzaaung/ROS2/workspace/install/setup.bash'
[2.952s] INFO:colcon.colcon_core.shell:Creating prefix script '/home/htootayzaaung/ROS2/workspace/install/local_setup.zsh'
[2.953s] INFO:colcon.colcon_core.shell:Creating prefix chain script '/home/htootayzaaung/ROS2/workspace/install/setup.zsh'
