[0.023s] Invoking command in '/home/htootayzaaung/ROS2/workspace/build/tutorial_interfaces': CMAKE_PREFIX_PATH=${CMAKE_PREFIX_PATH}:/opt/ros/humble /usr/bin/cmake /home/htootayzaaung/ROS2/workspace/src/tutorial_interfaces -DCMAKE_INSTALL_PREFIX=/home/htootayzaaung/ROS2/workspace/install/tutorial_interfaces
[0.090s] -- The C compiler identification is GNU 11.3.0
[0.163s] -- The CXX compiler identification is GNU 11.3.0
[0.172s] -- Detecting C compiler ABI info
[0.255s] -- Detecting C compiler ABI info - done
[0.267s] -- Check for working C compiler: /usr/bin/cc - skipped
[0.267s] -- Detecting C compile features
[0.267s] -- Detecting C compile features - done
[0.272s] -- Detecting CXX compiler ABI info
[0.367s] -- Detecting CXX compiler ABI info - done
[0.382s] -- Check for working CXX compiler: /usr/bin/c++ - skipped
[0.382s] -- Detecting CXX compile features
[0.383s] -- Detecting CXX compile features - done
[0.387s] -- Found ament_cmake: 1.3.4 (/opt/ros/humble/share/ament_cmake/cmake)
[0.612s] -- Found Python3: /usr/bin/python3.10 (found version "3.10.6") found components: Interpreter 
[0.721s] -- Found rclcpp: 16.0.4 (/opt/ros/humble/share/rclcpp/cmake)
[0.777s] -- Found rosidl_generator_c: 3.1.4 (/opt/ros/humble/share/rosidl_generator_c/cmake)
[0.783s] -- Found rosidl_adapter: 3.1.4 (/opt/ros/humble/share/rosidl_adapter/cmake)
[0.794s] -- Found rosidl_generator_cpp: 3.1.4 (/opt/ros/humble/share/rosidl_generator_cpp/cmake)
[0.812s] -- Using all available rosidl_typesupport_c: rosidl_typesupport_fastrtps_c;rosidl_typesupport_introspection_c
[0.838s] -- Using all available rosidl_typesupport_cpp: rosidl_typesupport_fastrtps_cpp;rosidl_typesupport_introspection_cpp
[0.932s] -- Found rmw_implementation_cmake: 6.1.1 (/opt/ros/humble/share/rmw_implementation_cmake/cmake)
[0.935s] -- Found rmw_fastrtps_cpp: 6.2.2 (/opt/ros/humble/share/rmw_fastrtps_cpp/cmake)
[1.059s] -- Found OpenSSL: /usr/lib/x86_64-linux-gnu/libcrypto.so (found version "3.0.2")  
[1.110s] -- Found FastRTPS: /opt/ros/humble/include  
[1.186s] -- Using RMW implementation 'rmw_fastrtps_cpp' as default
[1.200s] -- Looking for pthread.h
[1.291s] -- Looking for pthread.h - found
[1.291s] -- Performing Test CMAKE_HAVE_LIBC_PTHREAD
[1.381s] -- Performing Test CMAKE_HAVE_LIBC_PTHREAD - Success
[1.383s] -- Found Threads: TRUE  
[1.619s] [31mCMake Error at CMakeLists.txt:11 (find_package):
[1.619s]   By not providing "Findtutorial_interfaces.cmake" in CMAKE_MODULE_PATH this
[1.619s]   project has asked CMake to find a package configuration file provided by
[1.619s]   "tutorial_interfaces", but CMake did not find one.
[1.619s] 
[1.619s]   Could not find a package configuration file provided by
[1.619s]   "tutorial_interfaces" with any of the following names:
[1.620s] 
[1.620s]     tutorial_interfacesConfig.cmake
[1.620s]     tutorial_interfaces-config.cmake
[1.620s] 
[1.620s]   Add the installation prefix of "tutorial_interfaces" to CMAKE_PREFIX_PATH
[1.620s]   or set "tutorial_interfaces_DIR" to a directory containing one of the above
[1.620s]   files.  If "tutorial_interfaces" provides a separate development package or
[1.620s]   SDK, be sure it has been installed.
[1.620s] 
[1.620s] [0m
[1.620s] -- Configuring incomplete, errors occurred!
[1.620s] See also "/home/htootayzaaung/ROS2/workspace/build/tutorial_interfaces/CMakeFiles/CMakeOutput.log".
