[0.017s] Invoking command in '/home/htootayzaaung/ROS2/workspace/build/client_server': CMAKE_PREFIX_PATH=${CMAKE_PREFIX_PATH}:/opt/ros/humble /usr/bin/cmake --build /home/htootayzaaung/ROS2/workspace/build/client_server -- -j8 -l8
[0.048s] -- Found ament_cmake: 1.3.4 (/opt/ros/humble/share/ament_cmake/cmake)
[0.241s] -- Found rclcpp: 16.0.4 (/opt/ros/humble/share/rclcpp/cmake)
[0.281s] -- Found rosidl_generator_c: 3.1.4 (/opt/ros/humble/share/rosidl_generator_c/cmake)
[0.284s] -- Found rosidl_adapter: 3.1.4 (/opt/ros/humble/share/rosidl_adapter/cmake)
[0.292s] -- Found rosidl_generator_cpp: 3.1.4 (/opt/ros/humble/share/rosidl_generator_cpp/cmake)
[0.307s] -- Using all available rosidl_typesupport_c: rosidl_typesupport_fastrtps_c;rosidl_typesupport_introspection_c
[0.328s] -- Using all available rosidl_typesupport_cpp: rosidl_typesupport_fastrtps_cpp;rosidl_typesupport_introspection_cpp
[0.416s] -- Found rmw_implementation_cmake: 6.1.1 (/opt/ros/humble/share/rmw_implementation_cmake/cmake)
[0.419s] -- Found rmw_fastrtps_cpp: 6.2.2 (/opt/ros/humble/share/rmw_fastrtps_cpp/cmake)
[0.622s] -- Using RMW implementation 'rmw_fastrtps_cpp' as default
[0.842s] -- Found geometry_msgs: 4.2.3 (/opt/ros/humble/share/geometry_msgs/cmake)
[0.902s] -- Found rosidl_default_generators: 1.2.0 (/opt/ros/humble/share/rosidl_default_generators/cmake)
[1.268s] -- Found ament_cmake_ros: 0.10.0 (/opt/ros/humble/share/ament_cmake_ros/cmake)
[1.692s] -- Using all available rosidl_typesupport_c: rosidl_typesupport_fastrtps_c;rosidl_typesupport_introspection_c
[1.855s] -- Using all available rosidl_typesupport_cpp: rosidl_typesupport_fastrtps_cpp;rosidl_typesupport_introspection_cpp
[1.886s] -- Found python_cmake_module: 0.10.0 (/opt/ros/humble/share/python_cmake_module/cmake)
[1.916s] -- Using PYTHON_EXECUTABLE: /usr/bin/python3
[1.916s] -- Using PYTHON_INCLUDE_DIRS: /usr/include/python3.10
[1.916s] -- Using PYTHON_LIBRARIES: /usr/lib/x86_64-linux-gnu/libpython3.10.so
[1.931s] -- Found ament_lint_auto: 0.12.6 (/opt/ros/humble/share/ament_lint_auto/cmake)
[1.947s] -- Added test 'cppcheck' to perform static code analysis on C / C++ code
[1.948s] -- Configured cppcheck include dirs: 
[1.948s] -- Configured cppcheck exclude dirs and/or files: 
[1.949s] -- Added test 'flake8' to check Python code syntax and style conventions
[1.951s] -- Added test 'lint_cmake' to check CMake code style
[1.951s] -- Added test 'pep257' to check Python code against some of the docstring style conventions in PEP 257
[1.956s] -- Added test 'uncrustify' to check C / C++ code style
[1.956s] -- Configured uncrustify additional arguments: 
[1.957s] -- Added test 'xmllint' to check XML markup files
[1.959s] -- Configuring done
[2.003s] -- Generating done
[2.007s] -- Build files have been written to: /home/htootayzaaung/ROS2/workspace/build/client_server
[2.043s] [35m[1mConsolidate compiler generated dependencies of target client_server__rosidl_generator_c[0m
[2.051s] [  2%] [32mBuilding CXX object CMakeFiles/server.dir/src/Server.cpp.o[0m
[2.057s] [  4%] [32mBuilding CXX object CMakeFiles/client.dir/src/Client.cpp.o[0m
[2.057s] [  6%] Built target client_server__cpp
[2.059s] [ 16%] Built target client_server__rosidl_generator_c
[2.061s] [ 16%] Built target ament_cmake_python_copy_client_server
[2.075s] [35m[1mConsolidate compiler generated dependencies of target client_server__rosidl_typesupport_fastrtps_cpp[0m
[2.075s] [35m[1mConsolidate compiler generated dependencies of target client_server__rosidl_typesupport_introspection_cpp[0m
[2.076s] [35m[1mConsolidate compiler generated dependencies of target client_server__rosidl_typesupport_cpp[0m
[2.076s] [35m[1mConsolidate compiler generated dependencies of target client_server__rosidl_typesupport_fastrtps_c[0m
[2.077s] [ 18%] [34m[1mGenerating C type support dispatch for ROS interfaces[0m
[2.085s] [35m[1mConsolidate compiler generated dependencies of target client_server__rosidl_typesupport_introspection_c[0m
[2.103s] [ 27%] Built target client_server__rosidl_typesupport_introspection_cpp
[2.104s] [ 37%] Built target client_server__rosidl_typesupport_fastrtps_cpp
[2.105s] [ 46%] Built target client_server__rosidl_typesupport_fastrtps_c
[2.108s] [ 55%] Built target client_server__rosidl_typesupport_cpp
[2.114s] [ 65%] Built target client_server__rosidl_typesupport_introspection_c
[2.336s] [01m[K/home/htootayzaaung/ROS2/workspace/src/client_server/src/Client.cpp:2:10:[m[K [01;31m[Kfatal error: [m[Kclient_server/srv/add_three_ints.hpp: No such file or directory
[2.336s]     2 | #include [01;31m[K"client_server/srv/add_three_ints.hpp"[m[K                                       // CHANGE
[2.336s]       |          [01;31m[K^~~~~~~~~~~~~~~~~~~~~~~~~~~~~~~~~~~~~~[m[K
[2.336s] compilation terminated.
[2.345s] gmake[2]: *** [CMakeFiles/client.dir/build.make:76: CMakeFiles/client.dir/src/Client.cpp.o] Error 1
[2.345s] gmake[1]: *** [CMakeFiles/Makefile2:620: CMakeFiles/client.dir/all] Error 2
[2.346s] gmake[1]: *** Waiting for unfinished jobs....
[2.432s] [01m[K/home/htootayzaaung/ROS2/workspace/src/client_server/src/Server.cpp:2:10:[m[K [01;31m[Kfatal error: [m[Kclient_server/srv/add_three_ints.hpp: No such file or directory
[2.432s]     2 | #include [01;31m[K"client_server/srv/add_three_ints.hpp"[m[K                                        // CHANGE
[2.432s]       |          [01;31m[K^~~~~~~~~~~~~~~~~~~~~~~~~~~~~~~~~~~~~~[m[K
[2.432s] compilation terminated.
[2.435s] gmake[2]: *** [CMakeFiles/server.dir/build.make:76: CMakeFiles/server.dir/src/Server.cpp.o] Error 1
[2.436s] gmake[1]: *** [CMakeFiles/Makefile2:594: CMakeFiles/server.dir/all] Error 2
[2.448s] [ 67%] [32mBuilding CXX object CMakeFiles/client_server__rosidl_typesupport_c.dir/rosidl_typesupport_c/client_server/msg/num__type_support.cpp.o[0m
[2.448s] [ 69%] [32mBuilding CXX object CMakeFiles/client_server__rosidl_typesupport_c.dir/rosidl_typesupport_c/client_server/srv/add_three_ints__type_support.cpp.o[0m
[2.485s] [ 72%] [32m[1mLinking CXX shared library libclient_server__rosidl_typesupport_c.so[0m
[2.532s] [ 72%] Built target client_server__rosidl_typesupport_c
[2.532s] running egg_info
[2.534s] writing client_server.egg-info/PKG-INFO
[2.534s] writing dependency_links to client_server.egg-info/dependency_links.txt
[2.534s] writing top-level names to client_server.egg-info/top_level.txt
[2.537s] reading manifest file 'client_server.egg-info/SOURCES.txt'
[2.538s] writing manifest file 'client_server.egg-info/SOURCES.txt'
[2.569s] [ 72%] Built target ament_cmake_python_build_client_server_egg
[2.571s] gmake: *** [Makefile:146: all] Error 2
[2.573s] Invoked command in '/home/htootayzaaung/ROS2/workspace/build/client_server' returned '2': CMAKE_PREFIX_PATH=${CMAKE_PREFIX_PATH}:/opt/ros/humble /usr/bin/cmake --build /home/htootayzaaung/ROS2/workspace/build/client_server -- -j8 -l8
