[0.019s] Invoking command in '/home/htootayzaaung/ROS2/workspace/build/client_server': CMAKE_PREFIX_PATH=${CMAKE_PREFIX_PATH}:/opt/ros/humble /usr/bin/cmake --build /home/htootayzaaung/ROS2/workspace/build/client_server -- -j8 -l8
[0.049s] -- Found ament_cmake: 1.3.4 (/opt/ros/humble/share/ament_cmake/cmake)
[0.240s] -- Found rclcpp: 16.0.4 (/opt/ros/humble/share/rclcpp/cmake)
[0.281s] -- Found rosidl_generator_c: 3.1.4 (/opt/ros/humble/share/rosidl_generator_c/cmake)
[0.284s] -- Found rosidl_adapter: 3.1.4 (/opt/ros/humble/share/rosidl_adapter/cmake)
[0.292s] -- Found rosidl_generator_cpp: 3.1.4 (/opt/ros/humble/share/rosidl_generator_cpp/cmake)
[0.307s] -- Using all available rosidl_typesupport_c: rosidl_typesupport_fastrtps_c;rosidl_typesupport_introspection_c
[0.329s] -- Using all available rosidl_typesupport_cpp: rosidl_typesupport_fastrtps_cpp;rosidl_typesupport_introspection_cpp
[0.414s] -- Found rmw_implementation_cmake: 6.1.1 (/opt/ros/humble/share/rmw_implementation_cmake/cmake)
[0.417s] -- Found rmw_fastrtps_cpp: 6.2.2 (/opt/ros/humble/share/rmw_fastrtps_cpp/cmake)
[0.603s] -- Using RMW implementation 'rmw_fastrtps_cpp' as default
[0.819s] -- Found geometry_msgs: 4.2.3 (/opt/ros/humble/share/geometry_msgs/cmake)
[0.878s] -- Found rosidl_default_generators: 1.2.0 (/opt/ros/humble/share/rosidl_default_generators/cmake)
[0.887s] -- Found ament_lint_auto: 0.12.6 (/opt/ros/humble/share/ament_lint_auto/cmake)
[1.254s] -- Found ament_cmake_ros: 0.10.0 (/opt/ros/humble/share/ament_cmake_ros/cmake)
[1.681s] -- Using all available rosidl_typesupport_c: rosidl_typesupport_fastrtps_c;rosidl_typesupport_introspection_c
[1.845s] -- Using all available rosidl_typesupport_cpp: rosidl_typesupport_fastrtps_cpp;rosidl_typesupport_introspection_cpp
[1.875s] -- Found python_cmake_module: 0.10.0 (/opt/ros/humble/share/python_cmake_module/cmake)
[1.905s] -- Using PYTHON_EXECUTABLE: /usr/bin/python3
[1.905s] -- Using PYTHON_INCLUDE_DIRS: /usr/include/python3.10
[1.905s] -- Using PYTHON_LIBRARIES: /usr/lib/x86_64-linux-gnu/libpython3.10.so
[1.926s] -- Added test 'cppcheck' to perform static code analysis on C / C++ code
[1.927s] -- Configured cppcheck include dirs: 
[1.927s] -- Configured cppcheck exclude dirs and/or files: 
[1.928s] -- Added test 'flake8' to check Python code syntax and style conventions
[1.929s] -- Added test 'lint_cmake' to check CMake code style
[1.930s] -- Added test 'pep257' to check Python code against some of the docstring style conventions in PEP 257
[1.935s] -- Added test 'uncrustify' to check C / C++ code style
[1.935s] -- Configured uncrustify additional arguments: 
[1.936s] -- Added test 'xmllint' to check XML markup files
[1.940s] -- Configuring done
[1.985s] -- Generating done
[1.989s] -- Build files have been written to: /home/htootayzaaung/ROS2/workspace/build/client_server
[2.025s] [35m[1mConsolidate compiler generated dependencies of target client_server__rosidl_generator_c[0m
[2.033s] [  2%] [32mBuilding CXX object CMakeFiles/client.dir/src/Client.cpp.o[0m
[2.036s] [  4%] Built target client_server__cpp
[2.037s] [  6%] [32mBuilding CXX object CMakeFiles/server.dir/src/Server.cpp.o[0m
[2.044s] [  9%] [32mBuilding C object CMakeFiles/client_server__rosidl_generator_c.dir/rosidl_generator_c/client_server/msg/detail/num__functions.c.o[0m
[2.044s] [ 11%] [32mBuilding C object CMakeFiles/client_server__rosidl_generator_c.dir/rosidl_generator_c/client_server/srv/detail/add_three_ints__functions.c.o[0m
[2.047s] [ 11%] Built target ament_cmake_python_copy_client_server
[2.052s] [ 13%] [34m[1mGenerating C++ type support dispatch for ROS interfaces[0m
[2.055s] [ 16%] [34m[1mGenerating C++ type support for eProsima Fast-RTPS[0m
[2.056s] [ 18%] [34m[1mGenerating C++ introspection for ROS interfaces[0m
[2.163s] [ 20%] [32m[1mLinking C shared library libclient_server__rosidl_generator_c.so[0m
[2.228s] [ 23%] Built target client_server__rosidl_generator_c
[2.245s] [ 25%] [34m[1mGenerating C introspection for ROS interfaces[0m
[2.249s] [ 27%] [34m[1mGenerating C type support for eProsima Fast-RTPS[0m
[2.477s] [01m[K/home/htootayzaaung/ROS2/workspace/src/client_server/src/Client.cpp:2:10:[m[K [01;31m[Kfatal error: [m[Kclient_server/srv/add_three_ints.hpp: No such file or directory
[2.478s]     2 | #include [01;31m[K"client_server/srv/add_three_ints.hpp"[m[K                                       // CHANGE
[2.478s]       |          [01;31m[K^~~~~~~~~~~~~~~~~~~~~~~~~~~~~~~~~~~~~~[m[K
[2.478s] compilation terminated.
[2.478s] [01m[K/home/htootayzaaung/ROS2/workspace/src/client_server/src/Server.cpp:2:10:[m[K [01;31m[Kfatal error: [m[Kclient_server/srv/add_three_ints.hpp: No such file or directory
[2.479s]     2 | #include [01;31m[K"client_server/srv/add_three_ints.hpp"[m[K                                        // CHANGE
[2.479s]       |          [01;31m[K^~~~~~~~~~~~~~~~~~~~~~~~~~~~~~~~~~~~~~[m[K
[2.479s] compilation terminated.
[2.494s] gmake[2]: *** [CMakeFiles/server.dir/build.make:76: CMakeFiles/server.dir/src/Server.cpp.o] Error 1
[2.494s] gmake[2]: *** [CMakeFiles/client.dir/build.make:76: CMakeFiles/client.dir/src/Client.cpp.o] Error 1
[2.496s] gmake[1]: *** [CMakeFiles/Makefile2:210: CMakeFiles/client.dir/all] Error 2
[2.496s] gmake[1]: *** Waiting for unfinished jobs....
[2.496s] gmake[1]: *** [CMakeFiles/Makefile2:184: CMakeFiles/server.dir/all] Error 2
[2.552s] running egg_info
[2.553s] writing client_server.egg-info/PKG-INFO
[2.553s] writing dependency_links to client_server.egg-info/dependency_links.txt
[2.553s] writing top-level names to client_server.egg-info/top_level.txt
[2.557s] reading manifest file 'client_server.egg-info/SOURCES.txt'
[2.558s] writing manifest file 'client_server.egg-info/SOURCES.txt'
[2.588s] [ 27%] Built target ament_cmake_python_build_client_server_egg
[2.626s] [ 30%] [32mBuilding CXX object CMakeFiles/client_server__rosidl_typesupport_cpp.dir/rosidl_typesupport_cpp/client_server/msg/num__type_support.cpp.o[0m
[2.630s] [ 32%] [32mBuilding CXX object CMakeFiles/client_server__rosidl_typesupport_cpp.dir/rosidl_typesupport_cpp/client_server/srv/add_three_ints__type_support.cpp.o[0m
[2.772s] [ 37%] [32mBuilding CXX object CMakeFiles/client_server__rosidl_typesupport_introspection_cpp.dir/rosidl_typesupport_introspection_cpp/client_server/srv/detail/add_three_ints__type_support.cpp.o[0m
[2.774s] [ 37%] [32mBuilding CXX object CMakeFiles/client_server__rosidl_typesupport_introspection_cpp.dir/rosidl_typesupport_introspection_cpp/client_server/msg/detail/num__type_support.cpp.o[0m
[2.818s] [ 39%] [32mBuilding CXX object CMakeFiles/client_server__rosidl_typesupport_fastrtps_cpp.dir/rosidl_typesupport_fastrtps_cpp/client_server/msg/detail/dds_fastrtps/num__type_support.cpp.o[0m
[2.823s] [ 41%] [32mBuilding CXX object CMakeFiles/client_server__rosidl_typesupport_fastrtps_cpp.dir/rosidl_typesupport_fastrtps_cpp/client_server/srv/detail/dds_fastrtps/add_three_ints__type_support.cpp.o[0m
[2.853s] [ 44%] [32mBuilding CXX object CMakeFiles/client_server__rosidl_typesupport_fastrtps_c.dir/rosidl_typesupport_fastrtps_c/client_server/msg/detail/num__type_support_c.cpp.o[0m
[2.883s] [ 46%] [32mBuilding C object CMakeFiles/client_server__rosidl_typesupport_introspection_c.dir/rosidl_typesupport_introspection_c/client_server/msg/detail/num__type_support.c.o[0m
[2.948s] [ 48%] [32mBuilding C object CMakeFiles/client_server__rosidl_typesupport_introspection_c.dir/rosidl_typesupport_introspection_c/client_server/srv/detail/add_three_ints__type_support.c.o[0m
[3.018s] [ 51%] [32m[1mLinking C shared library libclient_server__rosidl_typesupport_introspection_c.so[0m
[3.076s] [ 51%] Built target client_server__rosidl_typesupport_introspection_c
[3.091s] [ 53%] [32mBuilding CXX object CMakeFiles/client_server__rosidl_typesupport_fastrtps_c.dir/rosidl_typesupport_fastrtps_c/client_server/srv/detail/add_three_ints__type_support_c.cpp.o[0m
[3.194s] [ 55%] [32m[1mLinking CXX shared library libclient_server__rosidl_typesupport_cpp.so[0m
[3.281s] [ 55%] Built target client_server__rosidl_typesupport_cpp
[3.541s] [ 58%] [32m[1mLinking CXX shared library libclient_server__rosidl_typesupport_introspection_cpp.so[0m
[3.593s] [ 58%] Built target client_server__rosidl_typesupport_introspection_cpp
[3.650s] [ 60%] [32m[1mLinking CXX shared library libclient_server__rosidl_typesupport_fastrtps_cpp.so[0m
[3.702s] [ 62%] [32m[1mLinking CXX shared library libclient_server__rosidl_typesupport_fastrtps_c.so[0m
[3.747s] [ 62%] Built target client_server__rosidl_typesupport_fastrtps_cpp
[3.800s] [ 62%] Built target client_server__rosidl_typesupport_fastrtps_c
[3.802s] gmake: *** [Makefile:146: all] Error 2
[3.804s] Invoked command in '/home/htootayzaaung/ROS2/workspace/build/client_server' returned '2': CMAKE_PREFIX_PATH=${CMAKE_PREFIX_PATH}:/opt/ros/humble /usr/bin/cmake --build /home/htootayzaaung/ROS2/workspace/build/client_server -- -j8 -l8
