[0.018s] Invoking command in '/home/htootayzaaung/ROS2/workspace/build/client_server': CMAKE_PREFIX_PATH=${CMAKE_PREFIX_PATH}:/opt/ros/humble /usr/bin/cmake --build /home/htootayzaaung/ROS2/workspace/build/client_server -- -j8 -l8
[0.047s] -- Found ament_cmake: 1.3.4 (/opt/ros/humble/share/ament_cmake/cmake)
[0.240s] -- Found rclcpp: 16.0.4 (/opt/ros/humble/share/rclcpp/cmake)
[0.281s] -- Found rosidl_generator_c: 3.1.4 (/opt/ros/humble/share/rosidl_generator_c/cmake)
[0.284s] -- Found rosidl_adapter: 3.1.4 (/opt/ros/humble/share/rosidl_adapter/cmake)
[0.292s] -- Found rosidl_generator_cpp: 3.1.4 (/opt/ros/humble/share/rosidl_generator_cpp/cmake)
[0.307s] -- Using all available rosidl_typesupport_c: rosidl_typesupport_fastrtps_c;rosidl_typesupport_introspection_c
[0.328s] -- Using all available rosidl_typesupport_cpp: rosidl_typesupport_fastrtps_cpp;rosidl_typesupport_introspection_cpp
[0.408s] -- Found rmw_implementation_cmake: 6.1.1 (/opt/ros/humble/share/rmw_implementation_cmake/cmake)
[0.410s] -- Found rmw_fastrtps_cpp: 6.2.2 (/opt/ros/humble/share/rmw_fastrtps_cpp/cmake)
[0.596s] -- Using RMW implementation 'rmw_fastrtps_cpp' as default
[0.812s] -- Found geometry_msgs: 4.2.3 (/opt/ros/humble/share/geometry_msgs/cmake)
[0.872s] -- Found rosidl_default_generators: 1.2.0 (/opt/ros/humble/share/rosidl_default_generators/cmake)
[1.236s] -- Found ament_cmake_ros: 0.10.0 (/opt/ros/humble/share/ament_cmake_ros/cmake)
[1.660s] -- Using all available rosidl_typesupport_c: rosidl_typesupport_fastrtps_c;rosidl_typesupport_introspection_c
[1.828s] -- Using all available rosidl_typesupport_cpp: rosidl_typesupport_fastrtps_cpp;rosidl_typesupport_introspection_cpp
[1.858s] -- Found python_cmake_module: 0.10.0 (/opt/ros/humble/share/python_cmake_module/cmake)
[1.888s] -- Using PYTHON_EXECUTABLE: /usr/bin/python3
[1.888s] -- Using PYTHON_INCLUDE_DIRS: /usr/include/python3.10
[1.889s] -- Using PYTHON_LIBRARIES: /usr/lib/x86_64-linux-gnu/libpython3.10.so
[1.903s] -- Found ament_lint_auto: 0.12.6 (/opt/ros/humble/share/ament_lint_auto/cmake)
[1.919s] -- Added test 'cppcheck' to perform static code analysis on C / C++ code
[1.920s] -- Configured cppcheck include dirs: 
[1.920s] -- Configured cppcheck exclude dirs and/or files: 
[1.921s] -- Added test 'flake8' to check Python code syntax and style conventions
[1.923s] -- Added test 'lint_cmake' to check CMake code style
[1.924s] -- Added test 'pep257' to check Python code against some of the docstring style conventions in PEP 257
[1.928s] -- Added test 'uncrustify' to check C / C++ code style
[1.929s] -- Configured uncrustify additional arguments: 
[1.930s] -- Added test 'xmllint' to check XML markup files
[1.931s] -- Configuring done
[1.976s] -- Generating done
[1.980s] -- Build files have been written to: /home/htootayzaaung/ROS2/workspace/build/client_server
[2.015s] [35m[1mConsolidate compiler generated dependencies of target client_server__rosidl_generator_c[0m
[2.023s] [  2%] Built target client_server__cpp
[2.025s] [  4%] [32mBuilding CXX object CMakeFiles/client.dir/src/Client.cpp.o[0m
[2.027s] [  6%] [32mBuilding CXX object CMakeFiles/server.dir/src/Server.cpp.o[0m
[2.033s] [ 16%] Built target client_server__rosidl_generator_c
[2.039s] [35m[1mConsolidate compiler generated dependencies of target client_server__rosidl_typesupport_cpp[0m
[2.040s] [35m[1mConsolidate compiler generated dependencies of target client_server__rosidl_typesupport_introspection_cpp[0m
[2.040s] [35m[1mConsolidate compiler generated dependencies of target client_server__rosidl_typesupport_fastrtps_cpp[0m
[2.044s] [ 16%] Built target ament_cmake_python_copy_client_server
[2.050s] [35m[1mConsolidate compiler generated dependencies of target client_server__rosidl_typesupport_fastrtps_c[0m
[2.060s] [35m[1mConsolidate compiler generated dependencies of target client_server__rosidl_typesupport_introspection_c[0m
[2.063s] [35m[1mConsolidate compiler generated dependencies of target client_server__rosidl_typesupport_c[0m
[2.065s] [ 25%] Built target client_server__rosidl_typesupport_cpp
[2.069s] [ 34%] Built target client_server__rosidl_typesupport_introspection_cpp
[2.074s] [ 44%] Built target client_server__rosidl_typesupport_fastrtps_c
[2.077s] [ 53%] Built target client_server__rosidl_typesupport_fastrtps_cpp
[2.079s] [ 62%] Built target client_server__rosidl_typesupport_c
[2.082s] [ 72%] Built target client_server__rosidl_typesupport_introspection_c
[2.103s] [ 72%] Built target client_server
[2.124s] [ 74%] Built target client_server__py
[2.136s] [35m[1mConsolidate compiler generated dependencies of target client_server__rosidl_generator_py[0m
[2.151s] [ 81%] Built target client_server__rosidl_generator_py
[2.166s] [35m[1mConsolidate compiler generated dependencies of target client_server__rosidl_typesupport_fastrtps_c__pyext[0m
[2.167s] [35m[1mConsolidate compiler generated dependencies of target client_server__rosidl_typesupport_introspection_c__pyext[0m
[2.167s] [35m[1mConsolidate compiler generated dependencies of target client_server__rosidl_typesupport_c__pyext[0m
[2.188s] [ 86%] Built target client_server__rosidl_typesupport_fastrtps_c__pyext
[2.188s] [ 90%] Built target client_server__rosidl_typesupport_introspection_c__pyext
[2.189s] [ 95%] Built target client_server__rosidl_typesupport_c__pyext
[2.312s] [01m[K/home/htootayzaaung/ROS2/workspace/src/client_server/src/Server.cpp:2:10:[m[K [01;31m[Kfatal error: [m[Kclient_server/srv/add_three_ints.hpp: No such file or directory
[2.312s]     2 | #include [01;31m[K"client_server/srv/add_three_ints.hpp"[m[K                                        // CHANGE
[2.312s]       |          [01;31m[K^~~~~~~~~~~~~~~~~~~~~~~~~~~~~~~~~~~~~~[m[K
[2.313s] compilation terminated.
[2.325s] gmake[2]: *** [CMakeFiles/server.dir/build.make:76: CMakeFiles/server.dir/src/Server.cpp.o] Error 1
[2.326s] gmake[1]: *** [CMakeFiles/Makefile2:594: CMakeFiles/server.dir/all] Error 2
[2.326s] gmake[1]: *** Waiting for unfinished jobs....
[2.364s] [01m[K/home/htootayzaaung/ROS2/workspace/src/client_server/src/Client.cpp:2:10:[m[K [01;31m[Kfatal error: [m[Kclient_server/srv/add_three_ints.hpp: No such file or directory
[2.364s]     2 | #include [01;31m[K"client_server/srv/add_three_ints.hpp"[m[K                                       // CHANGE
[2.364s]       |          [01;31m[K^~~~~~~~~~~~~~~~~~~~~~~~~~~~~~~~~~~~~~[m[K
[2.364s] compilation terminated.
[2.367s] gmake[2]: *** [CMakeFiles/client.dir/build.make:76: CMakeFiles/client.dir/src/Client.cpp.o] Error 1
[2.368s] gmake[1]: *** [CMakeFiles/Makefile2:620: CMakeFiles/client.dir/all] Error 2
[2.452s] running egg_info
[2.453s] writing client_server.egg-info/PKG-INFO
[2.454s] writing dependency_links to client_server.egg-info/dependency_links.txt
[2.454s] writing top-level names to client_server.egg-info/top_level.txt
[2.457s] reading manifest file 'client_server.egg-info/SOURCES.txt'
[2.458s] writing manifest file 'client_server.egg-info/SOURCES.txt'
[2.488s] [ 95%] Built target ament_cmake_python_build_client_server_egg
[2.489s] gmake: *** [Makefile:146: all] Error 2
[2.492s] Invoked command in '/home/htootayzaaung/ROS2/workspace/build/client_server' returned '2': CMAKE_PREFIX_PATH=${CMAKE_PREFIX_PATH}:/opt/ros/humble /usr/bin/cmake --build /home/htootayzaaung/ROS2/workspace/build/client_server -- -j8 -l8
